2024-05-02T19:08:02.948Z [admin_service] error: getAdminById -> $ADMIN_ID=[1] : Couldnot fetch admin detail
2024-05-02T19:11:40.038Z [admin_service] error: getAdminById -> $ADMIN_ID=[1] : Couldnot fetch admin detail
2024-05-07T02:31:27.145Z [admin_service] error: deleteUserById -> $ADMIN_ID=[1] : No user with given id found
2024-05-07T02:31:27.191Z [admin_service] error: deleteOwnerById -> $ADMIN_ID=[1] : No owner with given id found
2024-05-07T02:31:27.234Z [admin_service] error: getAdminById -> $ADMIN_ID=[1] : Couldnot fetch admin detail
2024-05-07T08:49:52.974Z [admin_service] error: deleteUserById -> $ADMIN_ID=[1] : No user with given id found
2024-05-07T08:50:02.201Z [admin_service] error: deleteOwnerById -> $ADMIN_ID=[1] : No owner with given id found
2024-05-07T09:06:24.988Z [admin_service] error: deleteUserById -> $ADMIN_ID=[1] : No user with given id found
2024-05-07T09:06:25.093Z [admin_service] error: deleteOwnerById -> $ADMIN_ID=[1] : No owner with given id found
2024-05-07T09:06:25.127Z [admin_service] error: getAdminById -> $ADMIN_ID=[1] : Couldnot fetch admin detail
2024-05-07T09:08:09.929Z [admin_service] error: deleteUserById -> $ADMIN_ID=[1] : No user with given id found
2024-05-07T09:08:10.061Z [admin_service] error: deleteOwnerById -> $ADMIN_ID=[1] : No owner with given id found
2024-05-07T09:08:10.085Z [admin_service] error: getAdminById -> $ADMIN_ID=[1] : Couldnot fetch admin detail
2024-05-14T11:50:02.253Z [admin_service] error: adminLogin -> $ADMIN_EMAIL=[testadmin1@gmail.com] : Invalid admin credentials
2024-05-14T16:50:14.972Z [admin_service] error: adminLogin -> $ADMIN_EMAIL=[testadmin1@gmail.com] : Invalid admin credentials
2024-05-15T04:51:55.646Z [admin_service] error: adminLogin -> $ADMIN_EMAIL=[testadmin1@gmail.com] : Invalid admin credentials
2024-05-15T07:08:31.428Z [admin_service] error: adminLogin -> $ADMIN_EMAIL=[sushanth123@gmail.com] : Invalid admin email
2024-05-19T02:01:02.078Z [admin_service] error: adminLogin -> $ADMIN_EMAIL=[sushanth123@334.com] : Invalid admin email
2024-05-19T02:01:03.775Z [admin_service] error: adminLogin -> $ADMIN_EMAIL=[sushanth123@334.com] : Invalid admin email
2024-05-19T02:01:24.929Z [admin_service] error: adminLogin -> $ADMIN_EMAIL=[sushanth123@334.com] : Invalid admin email
2024-05-19T02:02:59.642Z [admin_service] error: adminLogin -> $ADMIN_EMAIL=[sushanth123@334.com] : Invalid admin email
2024-05-19T05:42:07.616Z [admin_service] error: adminLogin -> $ADMIN_EMAIL=[testadmin1@gmail.com] : Invalid admin credentials
2024-05-19T06:07:18.244Z [admin_service] error: deleteUserById -> $ADMIN_ID=[1] : No user with given id found
2024-05-19T06:21:08.626Z [admin_service] error: deleteOwnerById -> $ADMIN_ID=[1] : No owner with given id found
