2024-05-02T19:07:33.395Z [admin_service] info: adminLogin -> $ADMIN_EMAIL=[testadmin1@gmail.com] : admin logged In Successfully
2024-05-02T19:07:46.880Z [admin_service] info: getAllUser -> $ADMIN_ID=[1] : all users fetched successfully
2024-05-02T19:07:51.281Z [admin_service] info: getAllOwner -> $ADMIN_ID=[1] : all owners fetched successfully
2024-05-02T19:07:57.971Z [admin_service] info: getAdminById -> $ADMIN_ID=[2] : admin detail fetched successfully
2024-05-02T19:08:02.948Z [admin_service] error: getAdminById -> $ADMIN_ID=[1] : Couldnot fetch admin detail
2024-05-02T19:11:40.038Z [admin_service] error: getAdminById -> $ADMIN_ID=[1] : Couldnot fetch admin detail
2024-05-02T19:11:56.857Z [admin_service] info: adminLogout -> $ADMIN_ID=[1] : admin logged Out successfully
2024-05-03T07:23:14.845Z [admin_service] info: adminLogin -> $ADMIN_EMAIL=[testadmin1@gmail.com] : admin logged In Successfully
2024-05-05T04:44:22.920Z [admin_service] info: adminLogin -> $ADMIN_EMAIL=[testadmin1@gmail.com] : admin logged In Successfully
2024-05-05T04:44:54.569Z [admin_service] info: adminLogin -> $ADMIN_EMAIL=[testadmin1@gmail.com] : admin logged In Successfully
2024-05-05T04:45:40.322Z [admin_service] info: adminLogin -> $ADMIN_EMAIL=[testadmin1@gmail.com] : admin logged In Successfully
2024-05-06T13:42:11.502Z [admin_service] info: deleteUserById -> $ADMIN_ID=[undefined] : User Deleted Successfully
2024-05-06T13:42:16.167Z [admin_service] info: deleteUserById -> $ADMIN_ID=[undefined] : User Deleted Successfully
2024-05-06T13:42:20.341Z [admin_service] info: deleteUserById -> $ADMIN_ID=[undefined] : User Deleted Successfully
2024-05-06T13:42:39.023Z [admin_service] info: deleteUserById -> $ADMIN_ID=[undefined] : User Deleted Successfully
2024-05-06T13:42:46.954Z [admin_service] info: deleteUserById -> $ADMIN_ID=[undefined] : User Deleted Successfully
2024-05-07T02:31:27.032Z [admin_service] info: adminLogout -> $ADMIN_ID=[1] : admin logged Out successfully
2024-05-07T02:31:27.114Z [admin_service] info: getAllUser -> $ADMIN_ID=[1] : all users fetched successfully
2024-05-07T02:31:27.145Z [admin_service] error: deleteUserById -> $ADMIN_ID=[1] : No user with given id found
2024-05-07T02:31:27.168Z [admin_service] info: getAllOwner -> $ADMIN_ID=[1] : all owners fetched successfully
2024-05-07T02:31:27.191Z [admin_service] error: deleteOwnerById -> $ADMIN_ID=[1] : No owner with given id found
2024-05-07T02:31:27.210Z [admin_service] info: getAdminById -> $ADMIN_ID=[1] : admin detail fetched successfully
2024-05-07T02:31:27.234Z [admin_service] error: getAdminById -> $ADMIN_ID=[1] : Couldnot fetch admin detail
2024-05-07T08:49:36.624Z [admin_service] info: adminLogin -> $ADMIN_EMAIL=[testadmin1@gmail.com] : admin logged In Successfully
2024-05-07T08:49:43.529Z [admin_service] info: getAllUser -> $ADMIN_ID=[1] : all users fetched successfully
2024-05-07T08:49:52.974Z [admin_service] error: deleteUserById -> $ADMIN_ID=[1] : No user with given id found
2024-05-07T08:49:57.755Z [admin_service] info: getAllOwner -> $ADMIN_ID=[1] : all owners fetched successfully
2024-05-07T08:50:02.201Z [admin_service] error: deleteOwnerById -> $ADMIN_ID=[1] : No owner with given id found
2024-05-07T08:50:05.994Z [admin_service] info: getAdminById -> $ADMIN_ID=[1] : admin detail fetched successfully
2024-05-07T08:50:09.418Z [admin_service] info: adminLogout -> $ADMIN_ID=[1] : admin logged Out successfully
2024-05-07T09:06:24.722Z [admin_service] info: adminLogout -> $ADMIN_ID=[1] : admin logged Out successfully
2024-05-07T09:06:24.970Z [admin_service] info: getAllUser -> $ADMIN_ID=[1] : all users fetched successfully
2024-05-07T09:06:24.988Z [admin_service] error: deleteUserById -> $ADMIN_ID=[1] : No user with given id found
2024-05-07T09:06:25.054Z [admin_service] info: getAllOwner -> $ADMIN_ID=[1] : all owners fetched successfully
2024-05-07T09:06:25.093Z [admin_service] error: deleteOwnerById -> $ADMIN_ID=[1] : No owner with given id found
2024-05-07T09:06:25.116Z [admin_service] info: getAdminById -> $ADMIN_ID=[1] : admin detail fetched successfully
2024-05-07T09:06:25.127Z [admin_service] error: getAdminById -> $ADMIN_ID=[1] : Couldnot fetch admin detail
2024-05-07T09:08:09.847Z [admin_service] info: adminLogout -> $ADMIN_ID=[1] : admin logged Out successfully
2024-05-07T09:08:09.901Z [admin_service] info: getAllUser -> $ADMIN_ID=[1] : all users fetched successfully
2024-05-07T09:08:09.929Z [admin_service] error: deleteUserById -> $ADMIN_ID=[1] : No user with given id found
2024-05-07T09:08:10.046Z [admin_service] info: getAllOwner -> $ADMIN_ID=[1] : all owners fetched successfully
2024-05-07T09:08:10.061Z [admin_service] error: deleteOwnerById -> $ADMIN_ID=[1] : No owner with given id found
2024-05-07T09:08:10.071Z [admin_service] info: getAdminById -> $ADMIN_ID=[1] : admin detail fetched successfully
2024-05-07T09:08:10.085Z [admin_service] error: getAdminById -> $ADMIN_ID=[1] : Couldnot fetch admin detail
2024-05-14T09:47:31.182Z [admin_service] info: adminLogin -> $ADMIN_EMAIL=[testadmin1@gmail.com] : admin logged In Successfully
2024-05-14T11:03:46.498Z [admin_service] info: adminLogin -> $ADMIN_EMAIL=[testadmin1@gmail.com] : admin logged In Successfully
2024-05-14T11:06:23.596Z [admin_service] info: adminLogin -> $ADMIN_EMAIL=[testadmin1@gmail.com] : admin logged In Successfully
2024-05-14T11:50:02.253Z [admin_service] error: adminLogin -> $ADMIN_EMAIL=[testadmin1@gmail.com] : Invalid admin credentials
2024-05-14T11:50:37.523Z [admin_service] info: adminLogin -> $ADMIN_EMAIL=[testadmin1@gmail.com] : admin logged In Successfully
2024-05-14T12:01:47.505Z [admin_service] info: adminLogin -> $ADMIN_EMAIL=[testadmin1@gmail.com] : admin logged In Successfully
2024-05-14T12:02:02.674Z [admin_service] info: adminLogin -> $ADMIN_EMAIL=[testadmin1@gmail.com] : admin logged In Successfully
2024-05-14T12:03:51.039Z [admin_service] info: adminLogin -> $ADMIN_EMAIL=[testadmin1@gmail.com] : admin logged In Successfully
2024-05-14T12:03:57.028Z [admin_service] info: adminLogin -> $ADMIN_EMAIL=[testadmin1@gmail.com] : admin logged In Successfully
2024-05-14T12:03:57.369Z [admin_service] info: adminLogin -> $ADMIN_EMAIL=[testadmin1@gmail.com] : admin logged In Successfully
2024-05-14T12:13:45.639Z [admin_service] info: adminLogin -> $ADMIN_EMAIL=[testadmin1@gmail.com] : admin logged In Successfully
2024-05-14T12:29:15.243Z [admin_service] info: adminLogin -> $ADMIN_EMAIL=[testadmin1@gmail.com] : admin logged In Successfully
2024-05-14T12:32:44.923Z [admin_service] info: adminLogin -> $ADMIN_EMAIL=[testadmin1@gmail.com] : admin logged In Successfully
2024-05-14T12:33:02.505Z [admin_service] info: adminLogin -> $ADMIN_EMAIL=[testadmin1@gmail.com] : admin logged In Successfully
2024-05-14T12:33:02.629Z [admin_service] info: adminLogin -> $ADMIN_EMAIL=[testadmin1@gmail.com] : admin logged In Successfully
2024-05-14T12:33:02.984Z [admin_service] info: adminLogin -> $ADMIN_EMAIL=[testadmin1@gmail.com] : admin logged In Successfully
2024-05-14T12:33:03.093Z [admin_service] info: adminLogin -> $ADMIN_EMAIL=[testadmin1@gmail.com] : admin logged In Successfully
2024-05-14T12:35:24.259Z [admin_service] info: adminLogin -> $ADMIN_EMAIL=[testadmin1@gmail.com] : admin logged In Successfully
2024-05-14T12:35:31.300Z [admin_service] info: adminLogin -> $ADMIN_EMAIL=[testadmin1@gmail.com] : admin logged In Successfully
2024-05-14T12:35:31.475Z [admin_service] info: adminLogin -> $ADMIN_EMAIL=[testadmin1@gmail.com] : admin logged In Successfully
2024-05-14T12:35:31.690Z [admin_service] info: adminLogin -> $ADMIN_EMAIL=[testadmin1@gmail.com] : admin logged In Successfully
2024-05-14T12:35:31.868Z [admin_service] info: adminLogin -> $ADMIN_EMAIL=[testadmin1@gmail.com] : admin logged In Successfully
2024-05-14T12:35:31.984Z [admin_service] info: adminLogin -> $ADMIN_EMAIL=[testadmin1@gmail.com] : admin logged In Successfully
2024-05-14T12:36:25.250Z [admin_service] info: adminLogin -> $ADMIN_EMAIL=[testadmin1@gmail.com] : admin logged In Successfully
2024-05-14T12:40:31.298Z [admin_service] info: adminLogin -> $ADMIN_EMAIL=[testadmin1@gmail.com] : admin logged In Successfully
2024-05-14T16:01:02.196Z [admin_service] info: adminLogin -> $ADMIN_EMAIL=[testadmin1@gmail.com] : admin logged In Successfully
2024-05-14T16:49:59.670Z [admin_service] info: adminLogin -> $ADMIN_EMAIL=[testadmin1@gmail.com] : admin logged In Successfully
2024-05-14T16:50:14.972Z [admin_service] error: adminLogin -> $ADMIN_EMAIL=[testadmin1@gmail.com] : Invalid admin credentials
2024-05-14T16:50:30.225Z [admin_service] info: adminLogin -> $ADMIN_EMAIL=[testadmin1@gmail.com] : admin logged In Successfully
2024-05-14T17:17:49.800Z [admin_service] info: adminLogin -> $ADMIN_EMAIL=[testadmin1@gmail.com] : admin logged In Successfully
2024-05-14T17:23:05.067Z [admin_service] info: adminLogin -> $ADMIN_EMAIL=[testadmin1@gmail.com] : admin logged In Successfully
2024-05-14T17:26:38.386Z [admin_service] info: adminLogin -> $ADMIN_EMAIL=[testadmin1@gmail.com] : admin logged In Successfully
2024-05-14T17:33:48.169Z [admin_service] info: adminLogin -> $ADMIN_EMAIL=[testadmin1@gmail.com] : admin logged In Successfully
2024-05-14T17:48:27.291Z [admin_service] info: adminLogin -> $ADMIN_EMAIL=[testadmin1@gmail.com] : admin logged In Successfully
2024-05-14T17:50:44.003Z [admin_service] info: adminLogin -> $ADMIN_EMAIL=[testadmin1@gmail.com] : admin logged In Successfully
2024-05-14T17:52:39.715Z [admin_service] info: adminLogin -> $ADMIN_EMAIL=[testadmin1@gmail.com] : admin logged In Successfully
2024-05-14T17:58:56.790Z [admin_service] info: adminLogin -> $ADMIN_EMAIL=[testadmin1@gmail.com] : admin logged In Successfully
2024-05-15T02:11:09.123Z [admin_service] info: getAllUser -> $ADMIN_ID=[1] : all users fetched successfully
2024-05-15T02:20:08.724Z [admin_service] info: adminLogin -> $ADMIN_EMAIL=[testadmin1@gmail.com] : admin logged In Successfully
2024-05-15T02:20:13.035Z [admin_service] info: getAllUser -> $ADMIN_ID=[1] : all users fetched successfully
2024-05-15T03:37:58.730Z [admin_service] info: adminLogin -> $ADMIN_EMAIL=[testadmin1@gmail.com] : admin logged In Successfully
2024-05-15T04:45:57.114Z [admin_service] info: adminLogin -> $ADMIN_EMAIL=[testadmin1@gmail.com] : admin logged In Successfully
2024-05-15T04:50:32.382Z [admin_service] info: adminLogin -> $ADMIN_EMAIL=[testadmin1@gmail.com] : admin logged In Successfully
2024-05-15T04:50:42.406Z [admin_service] info: adminLogin -> $ADMIN_EMAIL=[testadmin1@gmail.com] : admin logged In Successfully
2024-05-15T04:51:55.646Z [admin_service] error: adminLogin -> $ADMIN_EMAIL=[testadmin1@gmail.com] : Invalid admin credentials
2024-05-15T04:52:11.452Z [admin_service] info: adminLogin -> $ADMIN_EMAIL=[testadmin1@gmail.com] : admin logged In Successfully
2024-05-15T04:53:52.245Z [admin_service] info: adminLogin -> $ADMIN_EMAIL=[testadmin1@gmail.com] : admin logged In Successfully
2024-05-15T04:54:25.486Z [admin_service] info: adminLogin -> $ADMIN_EMAIL=[testadmin1@gmail.com] : admin logged In Successfully
2024-05-15T04:55:12.715Z [admin_service] info: adminLogin -> $ADMIN_EMAIL=[testadmin1@gmail.com] : admin logged In Successfully
2024-05-15T04:56:16.022Z [admin_service] info: adminLogin -> $ADMIN_EMAIL=[testadmin1@gmail.com] : admin logged In Successfully
2024-05-15T04:57:00.776Z [admin_service] info: adminLogin -> $ADMIN_EMAIL=[testadmin1@gmail.com] : admin logged In Successfully
2024-05-15T06:16:53.227Z [admin_service] info: adminLogin -> $ADMIN_EMAIL=[testadmin1@gmail.com] : admin logged In Successfully
2024-05-15T06:19:16.445Z [admin_service] info: getAllUser -> $ADMIN_ID=[1] : all users fetched successfully
2024-05-15T06:26:54.365Z [admin_service] info: adminLogin -> $ADMIN_EMAIL=[testadmin1@gmail.com] : admin logged In Successfully
2024-05-15T06:59:02.437Z [admin_service] info: getAllUser -> $ADMIN_ID=[1] : all users fetched successfully
2024-05-15T07:08:31.428Z [admin_service] error: adminLogin -> $ADMIN_EMAIL=[sushanth123@gmail.com] : Invalid admin email
2024-05-15T07:09:03.130Z [admin_service] info: adminLogin -> $ADMIN_EMAIL=[testadmin1@gmail.com] : admin logged In Successfully
2024-05-15T07:09:07.938Z [admin_service] info: getAllUser -> $ADMIN_ID=[1] : all users fetched successfully
2024-05-15T07:09:27.389Z [admin_service] info: getAllUser -> $ADMIN_ID=[1] : all users fetched successfully
2024-05-15T07:10:13.852Z [admin_service] info: adminLogin -> $ADMIN_EMAIL=[testadmin1@gmail.com] : admin logged In Successfully
2024-05-15T07:10:16.077Z [admin_service] info: getAllUser -> $ADMIN_ID=[1] : all users fetched successfully
2024-05-15T10:15:28.932Z [admin_service] info: adminLogin -> $ADMIN_EMAIL=[testadmin1@gmail.com] : admin logged In Successfully
2024-05-15T10:15:37.818Z [admin_service] info: getAllUser -> $ADMIN_ID=[1] : all users fetched successfully
2024-05-15T10:19:02.697Z [admin_service] info: getAllUser -> $ADMIN_ID=[1] : all users fetched successfully
2024-05-15T10:20:20.365Z [admin_service] info: adminLogin -> $ADMIN_EMAIL=[testadmin1@gmail.com] : admin logged In Successfully
2024-05-15T10:20:22.887Z [admin_service] info: getAllUser -> $ADMIN_ID=[1] : all users fetched successfully
2024-05-15T10:45:48.872Z [admin_service] info: deleteUserById -> $ADMIN_ID=[1] : User Deleted Successfully
2024-05-15T10:46:22.313Z [admin_service] info: getAllUser -> $ADMIN_ID=[1] : all users fetched successfully
2024-05-15T11:00:46.493Z [admin_service] info: getAllOwner -> $ADMIN_ID=[undefined] : all owners fetched successfully
2024-05-15T11:16:15.770Z [admin_service] info: getAllOwner -> $ADMIN_ID=[1] : all owners fetched successfully
2024-05-15T11:17:43.633Z [admin_service] info: deleteOwnerById -> $ADMIN_ID=[1] : Owner Deleted Successfully
2024-05-15T11:17:48.744Z [admin_service] info: getAllUser -> $ADMIN_ID=[1] : all users fetched successfully
2024-05-15T11:17:58.862Z [admin_service] info: getAllUser -> $ADMIN_ID=[1] : all users fetched successfully
2024-05-15T11:18:02.057Z [admin_service] info: getAllOwner -> $ADMIN_ID=[1] : all owners fetched successfully
2024-05-15T11:44:17.955Z [admin_service] info: getAllUser -> $ADMIN_ID=[1] : all users fetched successfully
2024-05-15T11:44:23.364Z [admin_service] info: getAllOwner -> $ADMIN_ID=[1] : all owners fetched successfully
2024-05-16T10:43:42.174Z [admin_service] info: adminLogin -> $ADMIN_EMAIL=[testadmin1@gmail.com] : admin logged In Successfully
2024-05-16T10:43:52.117Z [admin_service] info: getAllUser -> $ADMIN_ID=[1] : all users fetched successfully
2024-05-16T10:43:53.486Z [admin_service] info: getAllOwner -> $ADMIN_ID=[1] : all owners fetched successfully
2024-05-16T10:44:30.267Z [admin_service] info: getAllUser -> $ADMIN_ID=[1] : all users fetched successfully
2024-05-16T10:44:31.091Z [admin_service] info: getAllOwner -> $ADMIN_ID=[1] : all owners fetched successfully
2024-05-16T10:44:45.599Z [admin_service] info: getAllOwner -> $ADMIN_ID=[1] : all owners fetched successfully
2024-05-16T10:44:46.333Z [admin_service] info: getAllUser -> $ADMIN_ID=[1] : all users fetched successfully
2024-05-17T05:02:32.799Z [admin_service] info: getAllUser -> $ADMIN_ID=[undefined] : all users fetched successfully
2024-05-17T05:02:38.696Z [admin_service] info: getAllOwner -> $ADMIN_ID=[undefined] : all owners fetched successfully
2024-05-17T05:20:05.242Z [admin_service] info: adminLogin -> $ADMIN_EMAIL=[testadmin1@gmail.com] : admin logged In Successfully
2024-05-17T05:22:52.443Z [admin_service] info: getAllUser -> $ADMIN_ID=[1] : all users fetched successfully
2024-05-17T05:22:52.811Z [admin_service] info: getAllOwner -> $ADMIN_ID=[1] : all owners fetched successfully
2024-05-17T05:23:44.864Z [admin_service] info: getAllUser -> $ADMIN_ID=[undefined] : all users fetched successfully
2024-05-17T05:23:45.319Z [admin_service] info: getAllOwner -> $ADMIN_ID=[undefined] : all owners fetched successfully
2024-05-18T02:37:50.912Z [admin_service] info: getAllUser -> $ADMIN_ID=[undefined] : all users fetched successfully
2024-05-18T05:57:46.866Z [admin_service] info: getAllUser -> $ADMIN_ID=[undefined] : all users fetched successfully
2024-05-19T01:35:08.660Z [admin_service] info: adminLogin -> $ADMIN_EMAIL=[testadmin1@gmail.com] : admin logged In Successfully
2024-05-19T01:57:02.474Z [admin_service] info: adminLogin -> $ADMIN_EMAIL=[testadmin1@gmail.com] : admin logged In Successfully
2024-05-19T01:58:59.003Z [admin_service] info: adminLogin -> $ADMIN_EMAIL=[testadmin1@gmail.com] : admin logged In Successfully
2024-05-19T02:01:02.078Z [admin_service] error: adminLogin -> $ADMIN_EMAIL=[sushanth123@334.com] : Invalid admin email
2024-05-19T02:01:03.775Z [admin_service] error: adminLogin -> $ADMIN_EMAIL=[sushanth123@334.com] : Invalid admin email
2024-05-19T02:01:24.929Z [admin_service] error: adminLogin -> $ADMIN_EMAIL=[sushanth123@334.com] : Invalid admin email
2024-05-19T02:02:59.642Z [admin_service] error: adminLogin -> $ADMIN_EMAIL=[sushanth123@334.com] : Invalid admin email
2024-05-19T02:03:21.296Z [admin_service] info: adminLogin -> $ADMIN_EMAIL=[testadmin1@gmail.com] : admin logged In Successfully
2024-05-19T02:08:24.847Z [admin_service] info: adminLogin -> $ADMIN_EMAIL=[testadmin1@gmail.com] : admin logged In Successfully
2024-05-19T02:11:34.045Z [admin_service] info: adminLogin -> $ADMIN_EMAIL=[testadmin1@gmail.com] : admin logged In Successfully
2024-05-19T05:42:07.616Z [admin_service] error: adminLogin -> $ADMIN_EMAIL=[testadmin1@gmail.com] : Invalid admin credentials
2024-05-19T05:42:15.612Z [admin_service] info: adminLogin -> $ADMIN_EMAIL=[testadmin1@gmail.com] : admin logged In Successfully
2024-05-19T05:44:00.702Z [admin_service] info: adminLogin -> $ADMIN_EMAIL=[testadmin1@gmail.com] : admin logged In Successfully
2024-05-19T05:44:03.968Z [admin_service] info: getAdminById -> $ADMIN_ID=[1] : admin detail fetched successfully
2024-05-19T05:58:49.072Z [admin_service] info: getAdminById -> $ADMIN_ID=[1] : admin detail fetched successfully
2024-05-19T05:58:54.029Z [admin_service] info: getAdminById -> $ADMIN_ID=[1] : admin detail fetched successfully
2024-05-19T05:58:54.039Z [admin_service] info: getAdminById -> $ADMIN_ID=[1] : admin detail fetched successfully
2024-05-19T05:58:59.024Z [admin_service] info: getAdminById -> $ADMIN_ID=[1] : admin detail fetched successfully
2024-05-19T05:58:59.030Z [admin_service] info: getAdminById -> $ADMIN_ID=[1] : admin detail fetched successfully
2024-05-19T06:02:23.720Z [admin_service] info: getAdminById -> $ADMIN_ID=[1] : admin detail fetched successfully
2024-05-19T06:02:23.749Z [admin_service] info: getAdminById -> $ADMIN_ID=[1] : admin detail fetched successfully
2024-05-19T06:02:29.466Z [admin_service] info: getAdminById -> $ADMIN_ID=[1] : admin detail fetched successfully
2024-05-19T06:02:29.479Z [admin_service] info: getAdminById -> $ADMIN_ID=[1] : admin detail fetched successfully
2024-05-19T06:04:20.693Z [admin_service] info: getAllUser -> $ADMIN_ID=[1] : all users fetched successfully
2024-05-19T06:07:18.244Z [admin_service] error: deleteUserById -> $ADMIN_ID=[1] : No user with given id found
2024-05-19T06:08:10.841Z [admin_service] info: deleteUserById -> $ADMIN_ID=[1] : User Deleted Successfully
2024-05-19T06:11:59.133Z [admin_service] info: getAdminById -> $ADMIN_ID=[1] : admin detail fetched successfully
2024-05-19T06:11:59.143Z [admin_service] info: getAdminById -> $ADMIN_ID=[1] : admin detail fetched successfully
2024-05-19T06:13:03.076Z [admin_service] info: getAllUser -> $ADMIN_ID=[1] : all users fetched successfully
2024-05-19T06:13:08.376Z [admin_service] info: getAllUser -> $ADMIN_ID=[1] : all users fetched successfully
2024-05-19T06:13:08.389Z [admin_service] info: getAllUser -> $ADMIN_ID=[1] : all users fetched successfully
2024-05-19T06:16:11.927Z [admin_service] info: deleteUserById -> $ADMIN_ID=[1] : User Deleted Successfully
2024-05-19T06:16:15.978Z [admin_service] info: getAllUser -> $ADMIN_ID=[1] : all users fetched successfully
2024-05-19T06:16:15.993Z [admin_service] info: getAllUser -> $ADMIN_ID=[1] : all users fetched successfully
2024-05-19T06:19:40.252Z [admin_service] info: getAllOwner -> $ADMIN_ID=[1] : all owners fetched successfully
2024-05-19T06:21:08.626Z [admin_service] error: deleteOwnerById -> $ADMIN_ID=[1] : No owner with given id found
2024-05-19T06:21:32.170Z [admin_service] info: deleteOwnerById -> $ADMIN_ID=[1] : Owner Deleted Successfully
2024-05-19T06:23:47.421Z [admin_service] info: getAllUser -> $ADMIN_ID=[1] : all users fetched successfully
2024-05-19T06:23:47.432Z [admin_service] info: getAllUser -> $ADMIN_ID=[1] : all users fetched successfully
2024-05-19T06:27:11.063Z [admin_service] info: getAllOwner -> $ADMIN_ID=[1] : all owners fetched successfully
2024-05-19T06:27:19.337Z [admin_service] info: getAllUser -> $ADMIN_ID=[1] : all users fetched successfully
2024-05-19T06:27:19.344Z [admin_service] info: getAllUser -> $ADMIN_ID=[1] : all users fetched successfully
2024-05-19T06:27:20.837Z [admin_service] info: getAllOwner -> $ADMIN_ID=[1] : all owners fetched successfully
2024-05-19T06:27:20.845Z [admin_service] info: getAllOwner -> $ADMIN_ID=[1] : all owners fetched successfully
2024-05-19T06:27:28.070Z [admin_service] info: deleteOwnerById -> $ADMIN_ID=[1] : Owner Deleted Successfully
2024-05-19T06:27:31.547Z [admin_service] info: getAllOwner -> $ADMIN_ID=[1] : all owners fetched successfully
2024-05-19T06:27:31.557Z [admin_service] info: getAllOwner -> $ADMIN_ID=[1] : all owners fetched successfully
2024-05-19T06:28:12.406Z [admin_service] info: getAdminById -> $ADMIN_ID=[1] : admin detail fetched successfully
2024-05-19T06:28:12.415Z [admin_service] info: getAdminById -> $ADMIN_ID=[1] : admin detail fetched successfully
2024-05-19T06:28:27.233Z [admin_service] info: getAdminById -> $ADMIN_ID=[1] : admin detail fetched successfully
2024-05-19T06:28:27.241Z [admin_service] info: getAdminById -> $ADMIN_ID=[1] : admin detail fetched successfully
2024-05-19T06:28:31.741Z [admin_service] info: getAllUser -> $ADMIN_ID=[1] : all users fetched successfully
2024-05-19T06:28:31.750Z [admin_service] info: getAllUser -> $ADMIN_ID=[1] : all users fetched successfully
2024-05-19T06:28:32.739Z [admin_service] info: getAdminById -> $ADMIN_ID=[1] : admin detail fetched successfully
2024-05-19T06:28:32.746Z [admin_service] info: getAdminById -> $ADMIN_ID=[1] : admin detail fetched successfully
2024-05-19T06:28:33.725Z [admin_service] info: getAllUser -> $ADMIN_ID=[1] : all users fetched successfully
2024-05-19T06:28:33.732Z [admin_service] info: getAllUser -> $ADMIN_ID=[1] : all users fetched successfully
2024-05-19T06:28:44.144Z [admin_service] info: getAllOwner -> $ADMIN_ID=[1] : all owners fetched successfully
2024-05-19T06:28:44.151Z [admin_service] info: getAllOwner -> $ADMIN_ID=[1] : all owners fetched successfully
2024-05-19T06:28:48.599Z [admin_service] info: getAdminById -> $ADMIN_ID=[1] : admin detail fetched successfully
2024-05-19T06:28:48.607Z [admin_service] info: getAdminById -> $ADMIN_ID=[1] : admin detail fetched successfully
2024-05-19T06:29:01.413Z [admin_service] info: getAdminById -> $ADMIN_ID=[1] : admin detail fetched successfully
2024-05-19T06:29:01.423Z [admin_service] info: getAdminById -> $ADMIN_ID=[1] : admin detail fetched successfully
2024-05-19T06:36:28.344Z [admin_service] info: getAdminById -> $ADMIN_ID=[undefined] : admin detail fetched successfully
2024-05-19T06:36:28.350Z [admin_service] info: getAdminById -> $ADMIN_ID=[undefined] : admin detail fetched successfully
2024-05-19T06:36:29.771Z [admin_service] info: getAllUser -> $ADMIN_ID=[undefined] : all users fetched successfully
2024-05-19T06:36:29.776Z [admin_service] info: getAllUser -> $ADMIN_ID=[undefined] : all users fetched successfully
2024-05-19T06:36:31.909Z [admin_service] info: getAllOwner -> $ADMIN_ID=[undefined] : all owners fetched successfully
2024-05-19T06:36:31.914Z [admin_service] info: getAllOwner -> $ADMIN_ID=[undefined] : all owners fetched successfully
2024-05-19T06:36:38.017Z [admin_service] info: getAllUser -> $ADMIN_ID=[undefined] : all users fetched successfully
2024-05-19T06:36:38.024Z [admin_service] info: getAllUser -> $ADMIN_ID=[undefined] : all users fetched successfully
2024-05-19T06:36:40.907Z [admin_service] info: deleteUserById -> $ADMIN_ID=[undefined] : User Deleted Successfully
2024-05-19T06:36:43.997Z [admin_service] info: getAllOwner -> $ADMIN_ID=[undefined] : all owners fetched successfully
2024-05-19T06:36:44.007Z [admin_service] info: getAllOwner -> $ADMIN_ID=[undefined] : all owners fetched successfully
2024-05-19T06:37:18.666Z [admin_service] info: getAdminById -> $ADMIN_ID=[undefined] : admin detail fetched successfully
2024-05-19T06:37:18.674Z [admin_service] info: getAdminById -> $ADMIN_ID=[undefined] : admin detail fetched successfully
2024-05-19T15:56:42.833Z [admin_service] info: adminLogin -> $ADMIN_EMAIL=[testadmin1@gmail.com] : admin logged In Successfully
2024-05-19T15:56:44.312Z [admin_service] info: getAdminById -> $ADMIN_ID=[1] : admin detail fetched successfully
2024-05-19T15:56:44.327Z [admin_service] info: getAdminById -> $ADMIN_ID=[1] : admin detail fetched successfully
2024-05-19T15:56:58.152Z [admin_service] info: getAllUser -> $ADMIN_ID=[1] : all users fetched successfully
2024-05-19T15:56:58.168Z [admin_service] info: getAllUser -> $ADMIN_ID=[1] : all users fetched successfully
2024-05-21T11:57:43.689Z [admin_service] info: adminLogin -> $ADMIN_EMAIL=[testadmin1@gmail.com] : admin logged In Successfully
2024-05-21T11:57:44.945Z [admin_service] info: getAdminById -> $ADMIN_ID=[1] : admin detail fetched successfully
2024-05-21T11:57:44.980Z [admin_service] info: getAdminById -> $ADMIN_ID=[1] : admin detail fetched successfully
2024-05-21T11:58:04.278Z [admin_service] info: getAllUser -> $ADMIN_ID=[1] : all users fetched successfully
2024-05-21T11:58:04.295Z [admin_service] info: getAllUser -> $ADMIN_ID=[1] : all users fetched successfully
2024-05-21T11:58:08.480Z [admin_service] info: getAllOwner -> $ADMIN_ID=[1] : all owners fetched successfully
2024-05-21T11:58:08.504Z [admin_service] info: getAllOwner -> $ADMIN_ID=[1] : all owners fetched successfully
2024-05-22T11:15:34.942Z [admin_service] info: adminLogin -> $ADMIN_EMAIL=[testadmin1@gmail.com] : admin logged In Successfully
2024-05-22T11:15:36.206Z [admin_service] info: getAdminById -> $ADMIN_ID=[1] : admin detail fetched successfully
2024-05-22T11:15:36.229Z [admin_service] info: getAdminById -> $ADMIN_ID=[1] : admin detail fetched successfully
2024-05-22T11:15:41.037Z [admin_service] info: getAllUser -> $ADMIN_ID=[1] : all users fetched successfully
2024-05-22T11:15:41.048Z [admin_service] info: getAllUser -> $ADMIN_ID=[1] : all users fetched successfully
2024-05-22T11:15:44.646Z [admin_service] info: getAllOwner -> $ADMIN_ID=[1] : all owners fetched successfully
2024-05-22T11:15:44.660Z [admin_service] info: getAllOwner -> $ADMIN_ID=[1] : all owners fetched successfully
2024-05-22T12:09:30.158Z [admin_service] info: adminLogin -> $ADMIN_EMAIL=[testadmin1@gmail.com] : admin logged In Successfully
2024-05-22T12:09:32.059Z [admin_service] info: getAdminById -> $ADMIN_ID=[1] : admin detail fetched successfully
2024-05-22T12:09:32.076Z [admin_service] info: getAdminById -> $ADMIN_ID=[1] : admin detail fetched successfully
2024-05-22T12:18:21.899Z [admin_service] info: getAdminById -> $ADMIN_ID=[1] : admin detail fetched successfully
2024-05-22T12:18:34.883Z [admin_service] info: getAdminById -> $ADMIN_ID=[1] : admin detail fetched successfully
2024-05-22T12:18:34.894Z [admin_service] info: getAdminById -> $ADMIN_ID=[1] : admin detail fetched successfully
2024-05-22T12:25:31.859Z [admin_service] info: getAdminById -> $ADMIN_ID=[1] : admin detail fetched successfully
2024-05-22T12:26:41.848Z [admin_service] info: getAdminById -> $ADMIN_ID=[1] : admin detail fetched successfully
2024-05-22T12:26:49.419Z [admin_service] info: getAllUser -> $ADMIN_ID=[1] : all users fetched successfully
2024-05-22T12:26:49.433Z [admin_service] info: getAllUser -> $ADMIN_ID=[1] : all users fetched successfully
2024-05-22T12:28:11.327Z [admin_service] info: getAllOwner -> $ADMIN_ID=[1] : all owners fetched successfully
2024-05-22T12:28:11.336Z [admin_service] info: getAllOwner -> $ADMIN_ID=[1] : all owners fetched successfully
2024-05-22T12:28:16.470Z [admin_service] info: deleteOwnerById -> $ADMIN_ID=[1] : Owner Deleted Successfully
2024-05-22T12:28:18.890Z [admin_service] info: getAllOwner -> $ADMIN_ID=[1] : all owners fetched successfully
2024-05-22T12:28:18.899Z [admin_service] info: getAllOwner -> $ADMIN_ID=[1] : all owners fetched successfully
2024-05-22T12:28:27.855Z [admin_service] info: getAllUser -> $ADMIN_ID=[1] : all users fetched successfully
2024-05-22T12:28:27.864Z [admin_service] info: getAllUser -> $ADMIN_ID=[1] : all users fetched successfully
2024-05-22T12:31:10.852Z [admin_service] info: getAllUser -> $ADMIN_ID=[1] : all users fetched successfully
2024-05-22T12:31:37.862Z [admin_service] info: getAllUser -> $ADMIN_ID=[1] : all users fetched successfully
2024-05-22T12:32:01.854Z [admin_service] info: getAllUser -> $ADMIN_ID=[1] : all users fetched successfully
2024-05-22T12:32:08.608Z [admin_service] info: deleteUserById -> $ADMIN_ID=[1] : User Deleted Successfully
2024-05-22T12:32:11.278Z [admin_service] info: getAllUser -> $ADMIN_ID=[1] : all users fetched successfully
2024-05-22T12:32:11.288Z [admin_service] info: getAllUser -> $ADMIN_ID=[1] : all users fetched successfully
2024-05-22T12:33:42.854Z [admin_service] info: getAllUser -> $ADMIN_ID=[1] : all users fetched successfully
2024-05-22T12:34:28.498Z [admin_service] info: getAllUser -> $ADMIN_ID=[1] : all users fetched successfully
2024-05-22T12:34:28.505Z [admin_service] info: getAllUser -> $ADMIN_ID=[1] : all users fetched successfully
2024-05-22T12:34:35.272Z [admin_service] info: getAdminById -> $ADMIN_ID=[1] : admin detail fetched successfully
2024-05-22T12:34:35.286Z [admin_service] info: getAdminById -> $ADMIN_ID=[1] : admin detail fetched successfully
