2024-05-06T12:37:34.890Z [user-service] info: userRegister -> $USER_EMAIL=[testuser3@gmail.com] : new user registered
2024-05-06T12:40:09.461Z [user-service] error: userLogin -> $USER_EMAIL=[testuser3@gmail.com] : Token error
2024-05-06T12:42:45.055Z [user-service] info: userLogin -> $user_EMAIL=[testuser3@gmail.com] : user logged In Successfully
2024-05-06T12:44:37.272Z [user-service] info: userLogout -> $USER_ID=[3] : user logged Out successfully
2024-05-06T12:50:54.840Z [user-service] info: userLogin -> $user_EMAIL=[testuser3@gmail.com] : user logged In Successfully
2024-05-06T12:51:02.756Z [user-service] info: updateUserDetail -> $USER_ID=[3] : user updated
2024-05-06T12:53:04.519Z [user-service] info: getPastBooking -> $USER_ID=[3] : fetched past booking successfully
2024-05-06T12:54:22.177Z [user-service] error: getPastBooking -> $USER_ID=[3] : Couldnot fetch past bookings 
2024-05-06T12:55:55.058Z [user-service] info: getPastBooking -> $USER_ID=[3] : fetched past booking successfully
2024-05-06T12:56:41.244Z [user-service] error: getPastBooking -> $USER_ID=[3] : Couldnot fetch past bookings 
2024-05-06T12:56:57.864Z [user-service] error: getPastBooking -> $USER_ID=[3] : Couldnot fetch past bookings 
2024-05-06T12:58:04.612Z [user-service] info: getPastBooking -> $USER_ID=[3] : fetched past booking successfully
2024-05-06T13:02:50.211Z [user-service] info: getCurrentBooking -> $USER_ID=[3] : fetched current booking successfully
2024-05-06T13:15:06.978Z [user-service] info: userRegister -> $USER_EMAIL=[testuser3@gmail.com] : new user registered
2024-05-06T13:16:09.326Z [user-service] info: userRegister -> $USER_EMAIL=[email1@gmail.com] : new user registered
2024-05-06T13:18:55.720Z [user-service] info: userRegister -> $USER_EMAIL=[email2@gmail.com] : new user registered
2024-05-06T13:19:10.705Z [user-service] info: userRegister -> $USER_EMAIL=[email3@gmail.com] : new user registered
2024-05-06T13:19:21.291Z [user-service] info: userRegister -> $USER_EMAIL=[email4@gmail.com] : new user registered
2024-05-06T13:19:32.235Z [user-service] info: userRegister -> $USER_EMAIL=[email5@gmail.com] : new user registered
2024-05-06T13:19:41.073Z [user-service] info: userRegister -> $USER_EMAIL=[email6@gmail.com] : new user registered
2024-05-06T13:19:51.613Z [user-service] info: userRegister -> $USER_EMAIL=[email7@gmail.com] : new user registered
2024-05-06T13:20:03.328Z [user-service] info: userRegister -> $USER_EMAIL=[email8@gmail.com] : new user registered
2024-05-06T13:20:13.073Z [user-service] info: userRegister -> $USER_EMAIL=[email9@gmail.com] : new user registered
2024-05-06T13:20:23.342Z [user-service] info: userRegister -> $USER_EMAIL=[email10@gmail.com] : new user registered
2024-05-06T13:23:40.463Z [user-service] info: userLogin -> $user_EMAIL=[email1@gmail.com] : user logged In Successfully
2024-05-06T13:23:49.868Z [user-service] info: userLogin -> $user_EMAIL=[email2@gmail.com] : user logged In Successfully
2024-05-06T13:23:56.526Z [user-service] info: userLogin -> $user_EMAIL=[email3@gmail.com] : user logged In Successfully
2024-05-06T13:24:03.371Z [user-service] info: userLogin -> $user_EMAIL=[email4@gmail.com] : user logged In Successfully
2024-05-06T13:24:09.656Z [user-service] info: userLogin -> $user_EMAIL=[email5@gmail.com] : user logged In Successfully
2024-05-06T13:24:16.454Z [user-service] info: userLogin -> $user_EMAIL=[email6@gmail.com] : user logged In Successfully
2024-05-06T13:24:24.729Z [user-service] info: userLogin -> $user_EMAIL=[email7@gmail.com] : user logged In Successfully
2024-05-06T13:24:30.477Z [user-service] info: userLogin -> $user_EMAIL=[email8@gmail.com] : user logged In Successfully
2024-05-06T13:24:36.398Z [user-service] info: userLogin -> $user_EMAIL=[email9@gmail.com] : user logged In Successfully
2024-05-06T13:24:43.510Z [user-service] info: userLogin -> $user_EMAIL=[email10@gmail.com] : user logged In Successfully
2024-05-06T13:25:12.855Z [user-service] info: userLogout -> $USER_ID=[10] : user logged Out successfully
2024-05-06T13:26:00.948Z [user-service] info: userLogin -> $user_EMAIL=[email1@gmail.com] : user logged In Successfully
2024-05-06T13:26:54.739Z [user-service] info: userLogin -> $user_EMAIL=[email1@gmail.com] : user logged In Successfully
2024-05-06T13:27:13.342Z [user-service] info: updateUserDetail -> $USER_ID=[1] : user updated
2024-05-06T15:04:53.805Z [user-service] info: userLogin -> $user_EMAIL=[email1@gmail.com] : user logged In Successfully
2024-05-06T15:12:07.831Z [user-service] info: userLogin -> $user_EMAIL=[email1@gmail.com] : user logged In Successfully
2024-05-06T15:18:22.977Z [user-service] error:  createNewBooking-> $USER_ID=[1] : Booking successful
2024-05-06T15:21:41.635Z [user-service] error:  createNewBooking-> $USER_ID=[1] : unauthorized access
2024-05-06T15:21:53.620Z [user-service] info: userLogin -> $user_EMAIL=[email2@gmail.com] : user logged In Successfully
2024-05-06T15:22:00.364Z [user-service] error:  createNewBooking-> $USER_ID=[2] : Booking successful
2024-05-06T15:28:16.317Z [user-service] info: userLogin -> $user_EMAIL=[email2@gmail.com] : user logged In Successfully
2024-05-06T15:28:28.537Z [user-service] error:  createNewBooking-> $USER_ID=[2] : Booking successful
2024-05-06T15:32:24.514Z [user-service] info: cancelBookingByBookingID -> $USER_ID=[2] : updated booking status 
2024-05-06T15:38:09.149Z [user-service] error:  cancelBookingByBookingID-> $USER_ID=[2] : unauthorized access
2024-05-06T15:52:09.656Z [user-service] error:  cancelBookingByBookingID-> $USER_ID=[undefined] : unauthorized access
2024-05-07T03:18:46.578Z [user-service] error:  updateUserDetail-> $USER_ID=[undefined] : unauthorized access
2024-05-07T03:19:42.471Z [user-service] info: getCurrentBooking -> $USER_ID=[undefined] : fetched current booking successfully
2024-05-07T03:19:55.151Z [user-service] info: getPastBooking -> $USER_ID=[undefined] : fetched past booking successfully
2024-05-07T03:21:11.392Z [user-service] error:  addReviewToHotel-> $USER_ID=[undefined] : unauthorized access
2024-05-07T03:22:01.212Z [user-service] info: userLogin -> $user_EMAIL=[email1@gmail.com] : user logged In Successfully
2024-05-07T03:22:09.397Z [user-service] info: addReviewToHotel -> $USER_ID=[1] : Added review to database
2024-05-07T08:55:26.791Z [user-service] info: userRegister -> $USER_EMAIL=[sushanth123456@gmail.com] : new user registered
2024-05-07T08:55:35.251Z [user-service] info: userLogin -> $user_EMAIL=[sushanth123@gmail.com] : user logged In Successfully
2024-05-07T08:55:52.047Z [user-service] info: getPastBooking -> $USER_ID=[2] : fetched past booking successfully
2024-05-07T08:55:59.131Z [user-service] info: getPastBooking -> $USER_ID=[2] : fetched past booking successfully
2024-05-07T08:56:09.876Z [user-service] info: updateUserDetail -> $USER_ID=[2] : user updated
2024-05-07T08:56:20.384Z [user-service] info: getPastBooking -> $USER_ID=[2] : fetched past booking successfully
2024-05-07T08:58:56.452Z [user-service] info: addReviewToHotel -> $USER_ID=[2] : Added review to database
2024-05-07T08:59:07.836Z [user-service] info: getCurrentBooking -> $USER_ID=[2] : fetched current booking successfully
2024-05-07T08:59:16.092Z [user-service] info: cancelBookingByBookingID -> $USER_ID=[2] : updated booking status 
2024-05-07T08:59:48.238Z [user-service] error:  createNewBooking-> $USER_ID=[2] : Booking successful
2024-05-07T08:59:59.320Z [user-service] info: userLogout -> $USER_ID=[2] : user logged Out successfully
2024-05-07T09:07:36.565Z [user-service] error: userRegister -> $USER_EMAIL=[sushanth123@gmail.com] : Couldnot add new user to database 
2024-05-07T09:07:36.757Z [user-service] info: userLogin -> $user_EMAIL=[sushanth123@gmail.com] : user logged In Successfully
2024-05-07T09:07:36.817Z [user-service] error:  updateUserDetail-> $USER_ID=[2] : unauthorized access
2024-05-07T09:07:36.841Z [user-service] error:  updateUserDetail-> $USER_ID=[2] : unauthorized access
2024-05-07T09:07:36.856Z [user-service] info: getPastBooking -> $USER_ID=[2] : fetched past booking successfully
2024-05-07T09:07:36.864Z [user-service] error:  addReviewToHotel-> $USER_ID=[2] : unauthorized access
2024-05-07T09:07:36.876Z [user-service] info: getCurrentBooking -> $USER_ID=[2] : fetched current booking successfully
2024-05-07T09:07:36.886Z [user-service] error:  cancelBookingByBookingID-> $USER_ID=[2] : unauthorized access
2024-05-07T09:07:36.892Z [user-service] error:  cancelBookingByBookingID-> $USER_ID=[2] : unauthorized access
2024-05-11T05:49:17.731Z [user-service] info: userLogin -> $user_EMAIL=[sushanth123@gmail.com] : user logged In Successfully
2024-05-11T06:42:04.486Z [user-service] info:  createNewBooking-> $USER_ID=[2] : Booking successful
2024-05-11T06:45:09.182Z [user-service] info:  createNewBooking-> $USER_ID=[2] : Booking successful
2024-05-11T06:47:04.701Z [user-service] info:  createNewBooking-> $USER_ID=[2] : Booking successful
2024-05-11T06:48:53.160Z [user-service] info:  createNewBooking-> $USER_ID=[2] : Booking successful
2024-05-11T06:50:56.929Z [user-service] info:  createNewBooking-> $USER_ID=[2] : Booking successful
2024-05-11T06:58:34.716Z [user-service] info:  createNewBooking-> $USER_ID=[2] : Booking successful
2024-05-11T07:01:49.597Z [user-service] info:  createNewBooking-> $USER_ID=[2] : Booking successful
2024-05-11T07:13:01.203Z [user-service] info:  createNewBooking-> $USER_ID=[2] : Booking successful
2024-05-15T06:33:04.207Z [user-service] info: userLogin -> $user_EMAIL=[sushanth123@gmail.com] : user logged In Successfully
2024-05-16T12:36:28.187Z [user-service] info: userRegister -> $USER_EMAIL=[sushanth123456@gmail.com] : new user registered
2024-05-16T13:05:36.727Z [user-service] info: userRegister -> $USER_EMAIL=[bhav123@gmail.com] : new user registered
2024-05-16T13:26:22.664Z [user-service] info: userRegister -> $USER_EMAIL=[user1@gmail.com] : new user registered
2024-05-17T01:48:14.692Z [user-service] info: userLogin -> $user_EMAIL=[sushanth123@gmail.com] : user logged In Successfully
2024-05-17T02:14:20.168Z [user-service] info: userRegister -> $USER_EMAIL=[user12@gmail.com] : new user registered
2024-05-17T02:33:11.294Z [user-service] info: userLogin -> $user_EMAIL=[sushanth123@gmail.com] : user logged In Successfully
2024-05-17T02:43:56.679Z [user-service] info: userLogin -> $user_EMAIL=[sushanth123@gmail.com] : user logged In Successfully
2024-05-17T05:02:02.847Z [user-service] info: userLogin -> $user_EMAIL=[sushanth123@gmail.com] : user logged In Successfully
2024-05-17T05:10:07.299Z [user-service] info: userLogin -> $user_EMAIL=[sushanth123@gmail.com] : user logged In Successfully
2024-05-17T05:23:38.256Z [user-service] info: userLogin -> $user_EMAIL=[sushanth123@gmail.com] : user logged In Successfully
2024-05-17T05:35:54.844Z [user-service] info: getPastBooking -> $USER_ID=[2] : fetched past booking successfully
2024-05-17T05:36:23.863Z [user-service] info: getPastBooking -> $USER_ID=[2] : fetched past booking successfully
2024-05-17T06:03:14.963Z [user-service] info: userLogin -> $user_EMAIL=[sushanth123@gmail.com] : user logged In Successfully
2024-05-17T07:08:37.151Z [user-service] info: updateUserDetail -> $USER_ID=[2] : user updated
2024-05-17T07:26:14.755Z [user-service] error:  updateUserDetail-> $USER_ID=[2] : unauthorized access
2024-05-17T07:32:42.528Z [user-service] error:  updateUserDetail-> $USER_ID=[2] : unauthorized access
2024-05-17T07:34:50.806Z [user-service] error:  updateUserDetail-> $USER_ID=[2] : unauthorized access
2024-05-17T07:47:23.978Z [user-service] info: userLogin -> $user_EMAIL=[sushanth123@gmail.com] : user logged In Successfully
2024-05-17T07:50:26.548Z [user-service] error:  updateUserDetail-> $USER_ID=[2] : unauthorized access
2024-05-17T07:51:30.879Z [user-service] info: updateUserDetail -> $USER_ID=[2] : user updated
2024-05-17T09:41:00.003Z [user-service] info: userLogin -> $user_EMAIL=[sushanth123@gmail.com] : user logged In Successfully
2024-05-17T09:54:14.577Z [user-service] info: userLogin -> $user_EMAIL=[sushanth123@gmail.com] : user logged In Successfully
2024-05-17T09:54:21.494Z [user-service] info: getPastBooking -> $USER_ID=[2] : fetched past booking successfully
2024-05-17T10:13:04.354Z [user-service] info: getPastBooking -> $USER_ID=[2] : fetched past booking successfully
2024-05-17T10:13:04.362Z [user-service] info: getPastBooking -> $USER_ID=[2] : fetched past booking successfully
2024-05-17T10:13:13.841Z [user-service] info: getPastBooking -> $USER_ID=[2] : fetched past booking successfully
2024-05-17T10:13:28.864Z [user-service] info: getPastBooking -> $USER_ID=[2] : fetched past booking successfully
2024-05-17T10:13:28.873Z [user-service] info: getPastBooking -> $USER_ID=[2] : fetched past booking successfully
2024-05-17T10:14:56.201Z [user-service] info: getPastBooking -> $USER_ID=[2] : fetched past booking successfully
2024-05-17T10:14:56.211Z [user-service] info: getPastBooking -> $USER_ID=[2] : fetched past booking successfully
2024-05-17T10:18:30.007Z [user-service] info: getPastBooking -> $USER_ID=[2] : fetched past booking successfully
2024-05-17T10:18:32.560Z [user-service] info: getPastBooking -> $USER_ID=[2] : fetched past booking successfully
2024-05-17T10:18:32.575Z [user-service] info: getPastBooking -> $USER_ID=[2] : fetched past booking successfully
2024-05-17T10:19:50.167Z [user-service] info: getPastBooking -> $USER_ID=[2] : fetched past booking successfully
2024-05-17T10:19:50.176Z [user-service] info: getPastBooking -> $USER_ID=[2] : fetched past booking successfully
2024-05-17T10:34:44.980Z [user-service] info: getPastBooking -> $USER_ID=[2] : fetched past booking successfully
2024-05-17T10:34:44.988Z [user-service] info: getPastBooking -> $USER_ID=[2] : fetched past booking successfully
2024-05-17T10:35:16.198Z [user-service] info: getPastBooking -> $USER_ID=[2] : fetched past booking successfully
2024-05-17T10:39:11.037Z [user-service] info: getPastBooking -> $USER_ID=[2] : fetched past booking successfully
2024-05-17T10:39:11.045Z [user-service] info: getPastBooking -> $USER_ID=[2] : fetched past booking successfully
2024-05-17T10:40:54.886Z [user-service] error:  addReviewToHotel-> $USER_ID=[2] : unauthorized access
2024-05-17T10:42:49.643Z [user-service] error:  addReviewToHotel-> $USER_ID=[2] : unauthorized access
2024-05-17T10:45:26.701Z [user-service] error:  addReviewToHotel-> $USER_ID=[2] : unauthorized access
2024-05-17T10:46:34.530Z [user-service] info: addReviewToHotel -> $USER_ID=[2] : Added review to database
2024-05-17T10:48:24.695Z [user-service] error:  addReviewToHotel-> $USER_ID=[2] : unauthorized access
2024-05-17T10:52:53.964Z [user-service] info: getPastBooking -> $USER_ID=[2] : fetched past booking successfully
2024-05-17T10:52:53.970Z [user-service] info: getPastBooking -> $USER_ID=[2] : fetched past booking successfully
2024-05-17T10:53:01.960Z [user-service] error:  addReviewToHotel-> $USER_ID=[2] : unauthorized access
2024-05-17T10:59:52.501Z [user-service] info: addReviewToHotel -> $USER_ID=[2] : Added review to database
2024-05-17T11:02:03.307Z [user-service] info: getPastBooking -> $USER_ID=[2] : fetched past booking successfully
2024-05-17T11:02:03.320Z [user-service] info: getPastBooking -> $USER_ID=[2] : fetched past booking successfully
2024-05-17T11:02:20.048Z [user-service] info: addReviewToHotel -> $USER_ID=[2] : Added review to database
2024-05-17T11:02:56.377Z [user-service] info: getPastBooking -> $USER_ID=[2] : fetched past booking successfully
2024-05-17T11:02:56.384Z [user-service] info: getPastBooking -> $USER_ID=[2] : fetched past booking successfully
2024-05-17T11:19:04.667Z [user-service] info: getPastBooking -> $USER_ID=[2] : fetched past booking successfully
2024-05-17T11:19:04.673Z [user-service] info: getPastBooking -> $USER_ID=[2] : fetched past booking successfully
2024-05-17T11:19:13.681Z [user-service] info: getPastBooking -> $USER_ID=[2] : fetched past booking successfully
2024-05-17T11:19:13.690Z [user-service] info: getPastBooking -> $USER_ID=[2] : fetched past booking successfully
2024-05-17T11:19:22.911Z [user-service] info: getPastBooking -> $USER_ID=[2] : fetched past booking successfully
2024-05-17T11:19:22.938Z [user-service] info: getPastBooking -> $USER_ID=[2] : fetched past booking successfully
2024-05-17T11:24:03.151Z [user-service] info: getCurrentBooking -> $USER_ID=[2] : fetched current booking successfully
2024-05-17T11:37:28.246Z [user-service] info: getPastBooking -> $USER_ID=[2] : fetched past booking successfully
2024-05-17T11:37:28.254Z [user-service] info: getPastBooking -> $USER_ID=[2] : fetched past booking successfully
2024-05-17T11:37:32.717Z [user-service] info: getPastBooking -> $USER_ID=[2] : fetched past booking successfully
2024-05-17T11:37:32.731Z [user-service] info: getPastBooking -> $USER_ID=[2] : fetched past booking successfully
2024-05-17T11:38:55.601Z [user-service] info: getPastBooking -> $USER_ID=[2] : fetched past booking successfully
2024-05-17T11:38:55.606Z [user-service] info: getPastBooking -> $USER_ID=[2] : fetched past booking successfully
2024-05-17T11:38:58.624Z [user-service] info: getCurrentBooking -> $USER_ID=[2] : fetched current booking successfully
2024-05-17T11:38:58.639Z [user-service] info: getCurrentBooking -> $USER_ID=[2] : fetched current booking successfully
2024-05-17T11:40:14.816Z [user-service] info: getCurrentBooking -> $USER_ID=[2] : fetched current booking successfully
2024-05-17T11:40:14.823Z [user-service] info: getCurrentBooking -> $USER_ID=[2] : fetched current booking successfully
2024-05-17T11:44:40.994Z [user-service] info: cancelBookingByBookingID -> $USER_ID=[2] : updated booking status 
2024-05-17T11:45:41.907Z [user-service] info: getCurrentBooking -> $USER_ID=[2] : fetched current booking successfully
2024-05-17T11:56:13.958Z [user-service] info: getCurrentBooking -> $USER_ID=[2] : fetched current booking successfully
2024-05-17T12:00:21.961Z [user-service] info: getCurrentBooking -> $USER_ID=[2] : fetched current booking successfully
2024-05-17T12:01:01.851Z [user-service] info: getCurrentBooking -> $USER_ID=[2] : fetched current booking successfully
2024-05-17T12:01:06.858Z [user-service] info: cancelBookingByBookingID -> $USER_ID=[2] : updated booking status 
2024-05-17T12:01:20.895Z [user-service] info: getCurrentBooking -> $USER_ID=[2] : fetched current booking successfully
2024-05-17T12:01:20.909Z [user-service] info: getCurrentBooking -> $USER_ID=[2] : fetched current booking successfully
2024-05-17T12:01:31.835Z [user-service] info: cancelBookingByBookingID -> $USER_ID=[2] : updated booking status 
2024-05-17T12:02:39.231Z [user-service] info: getCurrentBooking -> $USER_ID=[2] : fetched current booking successfully
2024-05-17T12:02:39.245Z [user-service] info: getCurrentBooking -> $USER_ID=[2] : fetched current booking successfully
2024-05-17T12:02:51.788Z [user-service] info: getPastBooking -> $USER_ID=[2] : fetched past booking successfully
2024-05-17T12:02:51.801Z [user-service] info: getPastBooking -> $USER_ID=[2] : fetched past booking successfully
2024-05-17T12:02:54.495Z [user-service] info: getCurrentBooking -> $USER_ID=[2] : fetched current booking successfully
2024-05-17T12:02:54.506Z [user-service] info: getCurrentBooking -> $USER_ID=[2] : fetched current booking successfully
2024-05-17T12:02:58.555Z [user-service] info: getPastBooking -> $USER_ID=[2] : fetched past booking successfully
2024-05-17T12:02:58.564Z [user-service] info: getPastBooking -> $USER_ID=[2] : fetched past booking successfully
2024-05-17T12:03:01.360Z [user-service] info: getCurrentBooking -> $USER_ID=[2] : fetched current booking successfully
2024-05-17T12:03:01.368Z [user-service] info: getCurrentBooking -> $USER_ID=[2] : fetched current booking successfully
2024-05-17T12:03:03.759Z [user-service] info: getPastBooking -> $USER_ID=[2] : fetched past booking successfully
2024-05-17T12:03:03.768Z [user-service] info: getPastBooking -> $USER_ID=[2] : fetched past booking successfully
2024-05-17T12:03:09.932Z [user-service] info: getCurrentBooking -> $USER_ID=[2] : fetched current booking successfully
2024-05-17T12:03:09.938Z [user-service] info: getCurrentBooking -> $USER_ID=[2] : fetched current booking successfully
2024-05-17T12:08:54.426Z [user-service] info: getCurrentBooking -> $USER_ID=[2] : fetched current booking successfully
2024-05-17T12:08:54.451Z [user-service] info: getCurrentBooking -> $USER_ID=[2] : fetched current booking successfully
2024-05-17T12:13:32.968Z [user-service] info: getCurrentBooking -> $USER_ID=[2] : fetched current booking successfully
2024-05-17T12:18:33.721Z [user-service] info: cancelBookingByBookingID -> $USER_ID=[2] : updated booking status 
2024-05-17T12:18:37.878Z [user-service] info: getCurrentBooking -> $USER_ID=[2] : fetched current booking successfully
2024-05-17T12:18:37.892Z [user-service] info: getCurrentBooking -> $USER_ID=[2] : fetched current booking successfully
2024-05-17T12:22:13.949Z [user-service] info: getPastBooking -> $USER_ID=[2] : fetched past booking successfully
2024-05-17T12:22:13.965Z [user-service] info: getPastBooking -> $USER_ID=[2] : fetched past booking successfully
2024-05-17T12:22:16.123Z [user-service] info: getCurrentBooking -> $USER_ID=[2] : fetched current booking successfully
2024-05-17T12:22:16.142Z [user-service] info: getCurrentBooking -> $USER_ID=[2] : fetched current booking successfully
2024-05-17T12:22:22.801Z [user-service] info: getCurrentBooking -> $USER_ID=[2] : fetched current booking successfully
2024-05-17T12:22:22.822Z [user-service] info: getCurrentBooking -> $USER_ID=[2] : fetched current booking successfully
2024-05-17T12:26:12.945Z [user-service] info: getCurrentBooking -> $USER_ID=[2] : fetched current booking successfully
2024-05-17T12:26:12.974Z [user-service] info: getCurrentBooking -> $USER_ID=[2] : fetched current booking successfully
2024-05-17T12:26:13.624Z [user-service] info: getCurrentBooking -> $USER_ID=[2] : fetched current booking successfully
2024-05-17T12:26:13.644Z [user-service] info: getCurrentBooking -> $USER_ID=[2] : fetched current booking successfully
2024-05-17T12:26:29.003Z [user-service] info: getPastBooking -> $USER_ID=[2] : fetched past booking successfully
2024-05-17T12:26:29.025Z [user-service] info: getPastBooking -> $USER_ID=[2] : fetched past booking successfully
2024-05-17T12:26:31.420Z [user-service] info: getCurrentBooking -> $USER_ID=[2] : fetched current booking successfully
2024-05-17T12:26:31.447Z [user-service] info: getCurrentBooking -> $USER_ID=[2] : fetched current booking successfully
2024-05-17T12:26:33.033Z [user-service] info: getPastBooking -> $USER_ID=[2] : fetched past booking successfully
2024-05-17T12:26:33.062Z [user-service] info: getPastBooking -> $USER_ID=[2] : fetched past booking successfully
2024-05-17T12:26:33.721Z [user-service] info: getCurrentBooking -> $USER_ID=[2] : fetched current booking successfully
2024-05-17T12:26:33.737Z [user-service] info: getCurrentBooking -> $USER_ID=[2] : fetched current booking successfully
2024-05-17T12:26:34.844Z [user-service] info: getPastBooking -> $USER_ID=[2] : fetched past booking successfully
2024-05-17T12:26:34.956Z [user-service] info: getPastBooking -> $USER_ID=[2] : fetched past booking successfully
2024-05-17T12:26:35.315Z [user-service] info: getCurrentBooking -> $USER_ID=[2] : fetched current booking successfully
2024-05-17T12:26:35.334Z [user-service] info: getCurrentBooking -> $USER_ID=[2] : fetched current booking successfully
2024-05-17T12:27:37.438Z [user-service] info: getCurrentBooking -> $USER_ID=[2] : fetched current booking successfully
2024-05-17T12:27:37.457Z [user-service] info: getCurrentBooking -> $USER_ID=[2] : fetched current booking successfully
2024-05-17T12:27:39.187Z [user-service] info: getCurrentBooking -> $USER_ID=[2] : fetched current booking successfully
2024-05-17T12:27:39.207Z [user-service] info: getCurrentBooking -> $USER_ID=[2] : fetched current booking successfully
2024-05-17T12:28:01.281Z [user-service] info: getPastBooking -> $USER_ID=[2] : fetched past booking successfully
2024-05-17T12:28:01.303Z [user-service] info: getPastBooking -> $USER_ID=[2] : fetched past booking successfully
2024-05-17T12:28:02.396Z [user-service] info: getCurrentBooking -> $USER_ID=[2] : fetched current booking successfully
2024-05-17T12:28:02.414Z [user-service] info: getCurrentBooking -> $USER_ID=[2] : fetched current booking successfully
2024-05-17T12:29:19.456Z [user-service] info: getPastBooking -> $USER_ID=[2] : fetched past booking successfully
2024-05-17T12:29:19.470Z [user-service] info: getPastBooking -> $USER_ID=[2] : fetched past booking successfully
2024-05-17T12:29:20.913Z [user-service] info: getCurrentBooking -> $USER_ID=[2] : fetched current booking successfully
2024-05-17T12:29:21.048Z [user-service] info: getCurrentBooking -> $USER_ID=[2] : fetched current booking successfully
2024-05-17T12:29:40.182Z [user-service] info: cancelBookingByBookingID -> $USER_ID=[2] : updated booking status 
2024-05-17T12:29:49.821Z [user-service] info: getCurrentBooking -> $USER_ID=[2] : fetched current booking successfully
2024-05-17T12:29:49.855Z [user-service] info: getCurrentBooking -> $USER_ID=[2] : fetched current booking successfully
2024-05-18T01:55:20.512Z [user-service] info: userLogin -> $user_EMAIL=[sushanth123@gmail.com] : user logged In Successfully
2024-05-18T02:37:37.073Z [user-service] info: userLogin -> $user_EMAIL=[sushanth123@gmail.com] : user logged In Successfully
2024-05-18T03:34:46.075Z [user-service] info: getCurrentBooking -> $USER_ID=[undefined] : fetched current booking successfully
2024-05-18T03:34:46.081Z [user-service] info: getCurrentBooking -> $USER_ID=[undefined] : fetched current booking successfully
2024-05-18T03:34:59.476Z [user-service] info: getCurrentBooking -> $USER_ID=[undefined] : fetched current booking successfully
2024-05-18T03:34:59.485Z [user-service] info: getCurrentBooking -> $USER_ID=[undefined] : fetched current booking successfully
2024-05-18T03:35:03.037Z [user-service] error:  cancelBookingByBookingID-> $USER_ID=[undefined] : unauthorized access
2024-05-18T09:51:35.808Z [user-service] info: userLogin -> $user_EMAIL=[sushanth123@gmail.com] : user logged In Successfully
2024-05-18T09:51:44.849Z [user-service] info: getCurrentBooking -> $USER_ID=[2] : fetched current booking successfully
2024-05-18T09:51:44.860Z [user-service] info: getCurrentBooking -> $USER_ID=[2] : fetched current booking successfully
2024-05-18T09:51:51.306Z [user-service] info: getPastBooking -> $USER_ID=[2] : fetched past booking successfully
2024-05-18T09:51:51.320Z [user-service] info: getPastBooking -> $USER_ID=[2] : fetched past booking successfully
2024-05-18T09:51:58.568Z [user-service] info: getPastBooking -> $USER_ID=[2] : fetched past booking successfully
2024-05-18T09:51:58.577Z [user-service] info: getPastBooking -> $USER_ID=[2] : fetched past booking successfully
2024-05-18T10:18:22.634Z [user-service] info: getPastBooking -> $USER_ID=[undefined] : fetched past booking successfully
2024-05-18T10:18:22.645Z [user-service] info: getPastBooking -> $USER_ID=[undefined] : fetched past booking successfully
2024-05-18T10:18:52.151Z [user-service] info: getPastBooking -> $USER_ID=[undefined] : fetched past booking successfully
2024-05-18T10:18:52.166Z [user-service] info: getPastBooking -> $USER_ID=[undefined] : fetched past booking successfully
2024-05-18T10:19:04.913Z [user-service] info: getPastBooking -> $USER_ID=[undefined] : fetched past booking successfully
2024-05-18T10:19:04.922Z [user-service] info: getPastBooking -> $USER_ID=[undefined] : fetched past booking successfully
2024-05-19T06:34:53.839Z [user-service] info: userLogin -> $user_EMAIL=[sushanth123@gmail.com] : user logged In Successfully
2024-05-19T06:36:57.674Z [user-service] info: getCurrentBooking -> $USER_ID=[undefined] : fetched current booking successfully
2024-05-19T06:36:57.681Z [user-service] info: getCurrentBooking -> $USER_ID=[undefined] : fetched current booking successfully
2024-05-19T06:37:01.623Z [user-service] error:  cancelBookingByBookingID-> $USER_ID=[undefined] : unauthorized access
2024-05-19T12:09:40.124Z [user-service] info: userLogin -> $user_EMAIL=[sushanth123@gmail.com] : user logged In Successfully
2024-05-19T12:09:53.090Z [user-service] info: getUserDetailById -> $USER_ID=[2] : user details fetched
2024-05-19T12:10:15.967Z [user-service] info: userLogout -> $USER_ID=[2] : user logged Out successfully
2024-05-19T12:10:25.844Z [user-service] info: userLogin -> $user_EMAIL=[sushanth123@gmail.com] : user logged In Successfully
2024-05-19T12:10:29.721Z [user-service] info: getUserDetailById -> $USER_ID=[2] : user details fetched
2024-05-19T15:50:04.712Z [user-service] info: userLogin -> $user_EMAIL=[sushanth123@gmail.com] : user logged In Successfully
2024-05-19T15:52:24.666Z [user-service] info: getPastBooking -> $USER_ID=[2] : fetched past booking successfully
2024-05-19T15:52:24.700Z [user-service] info: getPastBooking -> $USER_ID=[2] : fetched past booking successfully
2024-05-19T15:52:40.098Z [user-service] info: getPastBooking -> $USER_ID=[2] : fetched past booking successfully
2024-05-19T15:52:40.121Z [user-service] info: getPastBooking -> $USER_ID=[2] : fetched past booking successfully
2024-05-19T15:52:40.828Z [user-service] info: getCurrentBooking -> $USER_ID=[2] : fetched current booking successfully
2024-05-19T15:52:40.852Z [user-service] info: getCurrentBooking -> $USER_ID=[2] : fetched current booking successfully
2024-05-19T15:52:52.995Z [user-service] info: getCurrentBooking -> $USER_ID=[2] : fetched current booking successfully
2024-05-19T15:52:53.021Z [user-service] info: getCurrentBooking -> $USER_ID=[2] : fetched current booking successfully
2024-05-21T11:54:55.594Z [user-service] info: userLogin -> $user_EMAIL=[sushanth123@gmail.com] : user logged In Successfully
2024-05-21T11:55:03.488Z [user-service] info: getPastBooking -> $USER_ID=[2] : fetched past booking successfully
2024-05-21T11:55:03.512Z [user-service] info: getPastBooking -> $USER_ID=[2] : fetched past booking successfully
2024-05-21T11:55:12.361Z [user-service] info: getPastBooking -> $USER_ID=[2] : fetched past booking successfully
2024-05-21T11:55:12.379Z [user-service] info: getPastBooking -> $USER_ID=[2] : fetched past booking successfully
2024-05-21T11:55:13.590Z [user-service] info: getCurrentBooking -> $USER_ID=[2] : fetched current booking successfully
2024-05-21T11:55:13.608Z [user-service] info: getCurrentBooking -> $USER_ID=[2] : fetched current booking successfully
2024-05-21T11:55:27.620Z [user-service] info: getCurrentBooking -> $USER_ID=[2] : fetched current booking successfully
2024-05-21T11:55:27.653Z [user-service] info: getCurrentBooking -> $USER_ID=[2] : fetched current booking successfully
2024-05-22T04:21:52.853Z [user-service] info: userLogin -> $user_EMAIL=[sushanth123@gmail.com] : user logged In Successfully
2024-05-22T04:27:44.559Z [user-service] info:  createNewBooking-> $USER_ID=[2] : Booking successful
2024-05-22T04:29:30.511Z [user-service] info:  createNewBooking-> $USER_ID=[2] : Booking successful
2024-05-22T04:47:07.904Z [user-service] info:  createNewBooking-> $USER_ID=[2] : Booking successful
2024-05-22T05:12:01.548Z [user-service] info: userLogin -> $user_EMAIL=[sushanth123@gmail.com] : user logged In Successfully
2024-05-22T05:14:45.306Z [user-service] error:  createNewBooking-> $USER_ID=[2] : unauthorized access
2024-05-22T05:18:10.263Z [user-service] info:  createNewBooking-> $USER_ID=[2] : Booking successful
2024-05-22T05:20:06.230Z [user-service] info: getCurrentBooking -> $USER_ID=[2] : fetched current booking successfully
2024-05-22T05:20:06.239Z [user-service] info: getCurrentBooking -> $USER_ID=[2] : fetched current booking successfully
2024-05-22T05:29:55.542Z [user-service] info:  createNewBooking-> $USER_ID=[2] : Booking successful
2024-05-22T05:30:31.898Z [user-service] info: getCurrentBooking -> $USER_ID=[2] : fetched current booking successfully
2024-05-22T05:30:31.907Z [user-service] info: getCurrentBooking -> $USER_ID=[2] : fetched current booking successfully
2024-05-22T05:30:45.195Z [user-service] info: cancelBookingByBookingID -> $USER_ID=[2] : updated booking status 
2024-05-22T05:59:37.286Z [user-service] error:  createNewBooking-> $USER_ID=[undefined] : unauthorized access
2024-05-22T06:00:15.632Z [user-service] info: userLogin -> $user_EMAIL=[sushanth123@gmail.com] : user logged In Successfully
2024-05-22T06:00:59.640Z [user-service] info:  createNewBooking-> $USER_ID=[2] : Booking successful
2024-05-22T06:03:17.241Z [user-service] info:  createNewBooking-> $USER_ID=[2] : Booking successful
2024-05-22T06:12:25.612Z [user-service] info: userLogin -> $user_EMAIL=[sushanth123@gmail.com] : user logged In Successfully
2024-05-22T06:12:48.735Z [user-service] info:  createNewBooking-> $USER_ID=[2] : Booking successful
2024-05-22T07:05:48.368Z [user-service] info: userLogin -> $user_EMAIL=[sushanth123@gmail.com] : user logged In Successfully
2024-05-22T09:41:52.543Z [user-service] info: userLogin -> $user_EMAIL=[sushanth123@gmail.com] : user logged In Successfully
2024-05-22T10:22:07.184Z [user-service] info:  createNewBooking-> $USER_ID=[2] : Booking successful
2024-05-22T10:32:17.512Z [user-service] info:  createNewBooking-> $USER_ID=[2] : Booking successful
2024-05-22T10:36:42.294Z [user-service] info:  createNewBooking-> $USER_ID=[2] : Booking successful
2024-05-22T11:11:56.101Z [user-service] info: userLogin -> $user_EMAIL=[sushanth123@gmail.com] : user logged In Successfully
2024-05-22T11:12:33.680Z [user-service] info:  createNewBooking-> $USER_ID=[2] : Booking successful
2024-05-22T11:13:02.048Z [user-service] info: getPastBooking -> $USER_ID=[2] : fetched past booking successfully
2024-05-22T11:13:02.061Z [user-service] info: getPastBooking -> $USER_ID=[2] : fetched past booking successfully
2024-05-22T11:13:07.169Z [user-service] info: getPastBooking -> $USER_ID=[2] : fetched past booking successfully
2024-05-22T11:13:07.183Z [user-service] info: getPastBooking -> $USER_ID=[2] : fetched past booking successfully
2024-05-22T11:13:08.279Z [user-service] info: getCurrentBooking -> $USER_ID=[2] : fetched current booking successfully
2024-05-22T11:13:08.297Z [user-service] info: getCurrentBooking -> $USER_ID=[2] : fetched current booking successfully
2024-05-22T11:13:16.812Z [user-service] info: getCurrentBooking -> $USER_ID=[2] : fetched current booking successfully
2024-05-22T11:13:16.835Z [user-service] info: getCurrentBooking -> $USER_ID=[2] : fetched current booking successfully
2024-05-22T11:46:27.263Z [user-service] info: userLogin -> $user_EMAIL=[sushanth123@gmail.com] : user logged In Successfully
2024-05-22T11:46:51.903Z [user-service] info:  createNewBooking-> $USER_ID=[2] : Booking successful
2024-05-22T11:46:56.501Z [user-service] info: getPastBooking -> $USER_ID=[2] : fetched past booking successfully
2024-05-22T11:46:56.513Z [user-service] info: getPastBooking -> $USER_ID=[2] : fetched past booking successfully
2024-05-22T11:46:59.003Z [user-service] info: getPastBooking -> $USER_ID=[2] : fetched past booking successfully
2024-05-22T11:46:59.020Z [user-service] info: getPastBooking -> $USER_ID=[2] : fetched past booking successfully
2024-05-22T11:47:00.044Z [user-service] info: getCurrentBooking -> $USER_ID=[2] : fetched current booking successfully
2024-05-22T11:47:00.058Z [user-service] info: getCurrentBooking -> $USER_ID=[2] : fetched current booking successfully
2024-05-22T12:34:58.472Z [user-service] info: userLogin -> $user_EMAIL=[sushanth123@gmail.com] : user logged In Successfully
2024-05-22T12:35:07.421Z [user-service] info:  createNewBooking-> $USER_ID=[2] : Booking successful
2024-05-23T01:48:08.696Z [user-service] info: userRegister -> $USER_EMAIL=[ramesh@gmail.com] : new user registered
2024-05-23T01:52:58.856Z [user-service] info: userLogin -> $user_EMAIL=[ramesh@gmail.com] : user logged In Successfully
2024-05-23T01:57:50.045Z [user-service] info: updateUserDetail -> $USER_ID=[28] : user updated
2024-05-23T02:01:35.214Z [user-service] info: getPastBooking -> $USER_ID=[28] : fetched past booking successfully
2024-05-23T02:01:35.223Z [user-service] info: getPastBooking -> $USER_ID=[28] : fetched past booking successfully
2024-05-23T02:01:47.064Z [user-service] info: userLogin -> $user_EMAIL=[sushanth123@gmail.com] : user logged In Successfully
2024-05-23T02:01:49.624Z [user-service] info: getPastBooking -> $USER_ID=[2] : fetched past booking successfully
2024-05-23T02:01:49.634Z [user-service] info: getPastBooking -> $USER_ID=[2] : fetched past booking successfully
2024-05-23T02:04:13.724Z [user-service] info: getPastBooking -> $USER_ID=[2] : fetched past booking successfully
2024-05-23T02:05:11.442Z [user-service] info: addReviewToHotel -> $USER_ID=[2] : Added review to database
2024-05-23T02:05:47.787Z [user-service] info: getPastBooking -> $USER_ID=[2] : fetched past booking successfully
2024-05-23T02:05:47.797Z [user-service] info: getPastBooking -> $USER_ID=[2] : fetched past booking successfully
2024-05-23T02:07:52.729Z [user-service] info: getPastBooking -> $USER_ID=[2] : fetched past booking successfully
2024-05-23T02:07:52.741Z [user-service] info: getPastBooking -> $USER_ID=[2] : fetched past booking successfully
2024-05-23T02:08:32.224Z [user-service] info: getCurrentBooking -> $USER_ID=[2] : fetched current booking successfully
2024-05-23T02:08:32.239Z [user-service] info: getCurrentBooking -> $USER_ID=[2] : fetched current booking successfully
2024-05-23T02:12:15.719Z [user-service] info: getCurrentBooking -> $USER_ID=[2] : fetched current booking successfully
2024-05-23T02:12:26.834Z [user-service] info: getCurrentBooking -> $USER_ID=[2] : fetched current booking successfully
2024-05-23T02:12:26.848Z [user-service] info: getCurrentBooking -> $USER_ID=[2] : fetched current booking successfully
2024-05-23T02:12:34.702Z [user-service] info: cancelBookingByBookingID -> $USER_ID=[2] : updated booking status 
2024-05-23T02:13:35.754Z [user-service] info: getPastBooking -> $USER_ID=[2] : fetched past booking successfully
2024-05-23T02:13:35.768Z [user-service] info: getPastBooking -> $USER_ID=[2] : fetched past booking successfully
2024-05-23T02:13:48.166Z [user-service] info: addReviewToHotel -> $USER_ID=[2] : Added review to database
2024-05-23T02:16:44.293Z [user-service] info: userLogin -> $user_EMAIL=[sushanth123@gmail.com] : user logged In Successfully
2024-05-23T02:16:50.972Z [user-service] info: addReviewToHotel -> $USER_ID=[2] : Added review to database
2024-05-23T02:17:40.545Z [user-service] info: addReviewToHotel -> $USER_ID=[2] : Added review to database
2024-05-23T02:18:30.345Z [user-service] info: addReviewToHotel -> $USER_ID=[2] : Added review to database
2024-05-23T02:19:18.526Z [user-service] info: addReviewToHotel -> $USER_ID=[2] : Added review to database
2024-05-23T02:23:46.061Z [user-service] info: addReviewToHotel -> $USER_ID=[2] : Added review to database
2024-05-23T02:25:00.783Z [user-service] info: addReviewToHotel -> $USER_ID=[2] : Added review to database
