2024-05-06T12:40:09.461Z [user-service] error: userLogin -> $USER_EMAIL=[testuser3@gmail.com] : Token error
2024-05-06T12:54:22.177Z [user-service] error: getPastBooking -> $USER_ID=[3] : Couldnot fetch past bookings 
2024-05-06T12:56:41.244Z [user-service] error: getPastBooking -> $USER_ID=[3] : Couldnot fetch past bookings 
2024-05-06T12:56:57.864Z [user-service] error: getPastBooking -> $USER_ID=[3] : Couldnot fetch past bookings 
2024-05-06T15:18:22.977Z [user-service] error:  createNewBooking-> $USER_ID=[1] : Booking successful
2024-05-06T15:21:41.635Z [user-service] error:  createNewBooking-> $USER_ID=[1] : unauthorized access
2024-05-06T15:22:00.364Z [user-service] error:  createNewBooking-> $USER_ID=[2] : Booking successful
2024-05-06T15:28:28.537Z [user-service] error:  createNewBooking-> $USER_ID=[2] : Booking successful
2024-05-06T15:38:09.149Z [user-service] error:  cancelBookingByBookingID-> $USER_ID=[2] : unauthorized access
2024-05-06T15:52:09.656Z [user-service] error:  cancelBookingByBookingID-> $USER_ID=[undefined] : unauthorized access
2024-05-07T03:18:46.578Z [user-service] error:  updateUserDetail-> $USER_ID=[undefined] : unauthorized access
2024-05-07T03:21:11.392Z [user-service] error:  addReviewToHotel-> $USER_ID=[undefined] : unauthorized access
2024-05-07T08:59:48.238Z [user-service] error:  createNewBooking-> $USER_ID=[2] : Booking successful
2024-05-07T09:07:36.565Z [user-service] error: userRegister -> $USER_EMAIL=[sushanth123@gmail.com] : Couldnot add new user to database 
2024-05-07T09:07:36.817Z [user-service] error:  updateUserDetail-> $USER_ID=[2] : unauthorized access
2024-05-07T09:07:36.841Z [user-service] error:  updateUserDetail-> $USER_ID=[2] : unauthorized access
2024-05-07T09:07:36.864Z [user-service] error:  addReviewToHotel-> $USER_ID=[2] : unauthorized access
2024-05-07T09:07:36.886Z [user-service] error:  cancelBookingByBookingID-> $USER_ID=[2] : unauthorized access
2024-05-07T09:07:36.892Z [user-service] error:  cancelBookingByBookingID-> $USER_ID=[2] : unauthorized access
2024-05-17T07:26:14.755Z [user-service] error:  updateUserDetail-> $USER_ID=[2] : unauthorized access
2024-05-17T07:32:42.528Z [user-service] error:  updateUserDetail-> $USER_ID=[2] : unauthorized access
2024-05-17T07:34:50.806Z [user-service] error:  updateUserDetail-> $USER_ID=[2] : unauthorized access
2024-05-17T07:50:26.548Z [user-service] error:  updateUserDetail-> $USER_ID=[2] : unauthorized access
2024-05-17T10:40:54.886Z [user-service] error:  addReviewToHotel-> $USER_ID=[2] : unauthorized access
2024-05-17T10:42:49.643Z [user-service] error:  addReviewToHotel-> $USER_ID=[2] : unauthorized access
2024-05-17T10:45:26.701Z [user-service] error:  addReviewToHotel-> $USER_ID=[2] : unauthorized access
2024-05-17T10:48:24.695Z [user-service] error:  addReviewToHotel-> $USER_ID=[2] : unauthorized access
2024-05-17T10:53:01.960Z [user-service] error:  addReviewToHotel-> $USER_ID=[2] : unauthorized access
2024-05-18T03:35:03.037Z [user-service] error:  cancelBookingByBookingID-> $USER_ID=[undefined] : unauthorized access
2024-05-19T06:37:01.623Z [user-service] error:  cancelBookingByBookingID-> $USER_ID=[undefined] : unauthorized access
2024-05-22T05:14:45.306Z [user-service] error:  createNewBooking-> $USER_ID=[2] : unauthorized access
2024-05-22T05:59:37.286Z [user-service] error:  createNewBooking-> $USER_ID=[undefined] : unauthorized access
