2024-05-02T19:45:13.239Z [owner-service] error: deleteRoomDetailByRoomId -> $OWNER_ID=[6] : No room given id found
2024-05-02T19:46:40.919Z [owner-service] error: ownerLogout -> $OWNER_ID=[6] : cannot remove owner refreshtoken
2024-05-02T19:46:48.211Z [owner-service] error: ownerLogout -> $OWNER_ID=[6] : cannot remove owner refreshtoken
2024-05-02T19:49:27.064Z [owner-service] error: ownerLogout -> $OWNER_ID=[6] : cannot remove owner refreshtoken

2024-05-07T08:50:57.297Z [owner-service] error:  ownerLogout-> $OWNER_ID=[15] : unauthorized access
2024-05-07T08:51:20.325Z [owner-service] error:  ownerLogout-> $OWNER_ID=[15] : unauthorized access
2024-05-07T08:51:51.744Z [owner-service] error: deleteRoomDetailByRoomId -> $OWNER_ID=[15] : No room given id found
2024-05-07T08:52:01.920Z [owner-service] error:  ownerLogout-> $OWNER_ID=[15] : unauthorized access
2024-05-07T08:52:39.826Z [owner-service] error:  ownerLogout-> $OWNER_ID=[15] : unauthorized access
2024-05-07T08:52:55.884Z [owner-service] error:  ownerLogout-> $OWNER_ID=[15] : unauthorized access
2024-05-07T09:06:43.791Z [owner-service] error: ownerLogin -> $OWNER_EMAIL=[wrongemail@gmail.com] : Invalid owner email
2024-05-07T09:06:43.855Z [owner-service] error: ownerLogin -> $OWNER_EMAIL=[srinivas@gmail.com] : Invalid owner credentials
2024-05-07T09:06:43.872Z [owner-service] error:  ownerLogout-> $OWNER_ID=[15] : unauthorized access
2024-05-07T09:06:43.955Z [owner-service] error:  ownerLogout-> $OWNER_ID=[15] : unauthorized access
2024-05-07T09:06:43.988Z [owner-service] error:  ownerLogout-> $OWNER_ID=[15] : unauthorized access
2024-05-07T09:06:44.162Z [owner-service] error:  ownerLogout-> $OWNER_ID=[15] : unauthorized access
2024-05-07T09:06:44.384Z [owner-service] error: deleteRoomDetailByRoomId -> $OWNER_ID=[15] : No room given id found
2024-05-07T09:06:44.395Z [owner-service] error:  ownerLogout-> $OWNER_ID=[15] : unauthorized access
2024-05-07T09:06:44.403Z [owner-service] error:  ownerLogout-> $OWNER_ID=[15] : unauthorized access
2024-05-07T09:06:44.414Z [owner-service] error:  ownerLogout-> $OWNER_ID=[15] : unauthorized access
2024-05-18T02:53:51.542Z [owner-service] error:  updateOwnerDetail-> $USER_ID=[undefined] : unauthorized access
2024-05-18T02:54:07.498Z [owner-service] error:  updateOwnerDetail-> $USER_ID=[undefined] : unauthorized access
2024-05-18T09:25:01.578Z [owner-service] error:  ownerLogout-> $OWNER_ID=[15] : unauthorized access
2024-05-18T09:25:05.536Z [owner-service] error:  ownerLogout-> $OWNER_ID=[15] : unauthorized access
2024-05-18T10:48:13.424Z [owner-service] error:  updateBookingStatus-> $OWNER_ID=[15] : unauthorized access
2024-05-18T10:49:08.497Z [owner-service] error:  updateBookingStatus-> $OWNER_ID=[15] : unauthorized access
2024-05-18T11:44:40.186Z [owner-service] error:  ownerLogout-> $OWNER_ID=[15] : unauthorized access
2024-05-18T12:15:26.233Z [owner-service] error: deleteRoomDetailByRoomId -> $OWNER_ID=[15] : No room given id found
2024-05-18T12:27:04.409Z [owner-service] error:  ownerLogout-> $OWNER_ID=[15] : unauthorized access
