2024-05-02T19:41:27.126Z [owner-service] info: ownerRegister -> $OWNER_EMAIL=[testowner3@gmail.com] : new hotelowner registered
2024-05-02T19:41:42.207Z [owner-service] info: ownerLogin -> $OWNER_EMAIL=[testowner3@gmail.com] : Owner logged In Successfully
2024-05-02T19:42:10.201Z [owner-service] info: addNewHotelDetail -> $OWNER_ID=[6] : new hotel added
2024-05-02T19:42:33.126Z [owner-service] info: updateHotelDetail -> $OWNER_ID=[6] : new hotel+amenity added 
2024-05-02T19:43:34.295Z [owner-service] info: updateOwnerDetail -> $OWNER_ID=[6] : hotelowner updated
2024-05-02T19:43:45.797Z [owner-service] info: getHotelDetailByOwnerId -> $OWNER_ID=[6] : fetched hotel detail successfully 
2024-05-02T19:44:21.248Z [owner-service] info: addRoomDetail -> $OWNER_ID=[6] : added roomdetail successfully
2024-05-02T19:44:30.781Z [owner-service] info: updateRoomDetailByRoomId -> $OWNER_ID=[6] : updated  room by roomid
2024-05-02T19:44:40.707Z [owner-service] info: getRoomDetailByRoomId -> $OWNER_ID=[6] : fetched roomdetail by roomid
2024-05-02T19:44:54.215Z [owner-service] info: getAllRoomDetailByHotelId -> $OWNER_ID=[6] : fetched all room by hotelownerid
2024-05-02T19:45:13.239Z [owner-service] error: deleteRoomDetailByRoomId -> $OWNER_ID=[6] : No room given id found
2024-05-02T19:45:23.626Z [owner-service] info: ownerLogout -> $OWNER_ID=[6] : owner logged Out successfully
2024-05-02T19:45:48.613Z [owner-service] info: ownerLogin -> $OWNER_EMAIL=[testowner3@gmail.com] : Owner logged In Successfully
2024-05-02T19:46:40.919Z [owner-service] error: ownerLogout -> $OWNER_ID=[6] : cannot remove owner refreshtoken
2024-05-02T19:46:48.211Z [owner-service] error: ownerLogout -> $OWNER_ID=[6] : cannot remove owner refreshtoken
2024-05-02T19:49:22.714Z [owner-service] info: ownerLogin -> $OWNER_EMAIL=[testowner3@gmail.com] : Owner logged In Successfully
2024-05-02T19:49:27.064Z [owner-service] error: ownerLogout -> $OWNER_ID=[6] : cannot remove owner refreshtoken
2024-05-02T19:49:51.912Z [owner-service] info: ownerLogout -> $OWNER_ID=[6] : owner logged Out successfully
2024-05-05T06:02:28.201Z [owner-service] info: ownerLogin -> $OWNER_EMAIL=[testowner3@gmail.com] : Owner logged In Successfully
2024-05-06T12:14:53.964Z [owner-service] info: ownerLogin -> $OWNER_EMAIL=[testowner3@gmail.com] : Owner logged In Successfully
2024-05-06T12:24:28.118Z [owner-service] info: ownerLogout -> $OWNER_ID=[6] : owner logged Out successfully
2024-05-06T12:29:41.302Z [owner-service] info: ownerLogin -> $OWNER_EMAIL=[testowner3@gmail.com] : Owner logged In Successfully
2024-05-06T12:29:44.499Z [owner-service] info: ownerLogout -> $OWNER_ID=[6] : owner logged Out successfully
2024-05-06T13:31:44.358Z [owner-service] info: ownerRegister -> $OWNER_EMAIL=[owner1@gmail.com] : new hotelowner registered
2024-05-06T13:40:49.543Z [owner-service] info: ownerRegister -> $OWNER_EMAIL=[owner2@gmail.com] : new hotelowner registered
2024-05-06T13:40:58.957Z [owner-service] info: ownerRegister -> $OWNER_EMAIL=[owner3@gmail.com] : new hotelowner registered
2024-05-06T13:41:08.681Z [owner-service] info: ownerRegister -> $OWNER_EMAIL=[owner4@gmail.com] : new hotelowner registered
2024-05-06T13:41:18.459Z [owner-service] info: ownerRegister -> $OWNER_EMAIL=[owner5@gmail.com] : new hotelowner registered
2024-05-06T13:45:30.382Z [owner-service] info: ownerLogin -> $OWNER_EMAIL=[owner5@gmail.com] : Owner logged In Successfully
2024-05-06T13:45:52.086Z [owner-service] info: ownerLogin -> $OWNER_EMAIL=[owner4@gmail.com] : Owner logged In Successfully
2024-05-06T13:46:52.286Z [owner-service] info: ownerLogin -> $OWNER_EMAIL=[owner1@gmail.com] : Owner logged In Successfully
2024-05-06T13:50:25.862Z [owner-service] info: ownerLogin -> $OWNER_EMAIL=[owner1@gmail.com] : Owner logged In Successfully
2024-05-06T13:50:31.057Z [owner-service] info: addNewHotelDetail -> $OWNER_ID=[1] : new hotel added
2024-05-06T13:50:48.669Z [owner-service] info: ownerLogin -> $OWNER_EMAIL=[owner2@gmail.com] : Owner logged In Successfully
2024-05-06T13:51:05.269Z [owner-service] info: addNewHotelDetail -> $OWNER_ID=[2] : new hotel added
2024-05-06T13:51:28.862Z [owner-service] info: ownerLogin -> $OWNER_EMAIL=[owner3@gmail.com] : Owner logged In Successfully
2024-05-06T13:51:58.042Z [owner-service] info: addNewHotelDetail -> $OWNER_ID=[3] : new hotel added
2024-05-06T13:52:13.584Z [owner-service] info: ownerLogin -> $OWNER_EMAIL=[owner4@gmail.com] : Owner logged In Successfully
2024-05-06T13:52:27.372Z [owner-service] info: addNewHotelDetail -> $OWNER_ID=[4] : new hotel added
2024-05-06T13:52:39.054Z [owner-service] info: ownerLogin -> $OWNER_EMAIL=[owner5@gmail.com] : Owner logged In Successfully
2024-05-06T13:52:52.275Z [owner-service] info: addNewHotelDetail -> $OWNER_ID=[5] : new hotel added
2024-05-06T14:05:35.891Z [owner-service] info: ownerLogin -> $OWNER_EMAIL=[owner1@gmail.com] : Owner logged In Successfully
2024-05-06T14:05:51.737Z [owner-service] info: addRoomDetail -> $OWNER_ID=[1] : added roomdetail successfully
2024-05-06T14:06:00.569Z [owner-service] info: addRoomDetail -> $OWNER_ID=[1] : added roomdetail successfully
2024-05-06T14:06:10.637Z [owner-service] info: addRoomDetail -> $OWNER_ID=[1] : added roomdetail successfully
2024-05-06T14:06:33.659Z [owner-service] info: ownerLogin -> $OWNER_EMAIL=[owner2@gmail.com] : Owner logged In Successfully
2024-05-06T14:06:43.306Z [owner-service] info: addRoomDetail -> $OWNER_ID=[2] : added roomdetail successfully
2024-05-06T14:06:52.479Z [owner-service] info: addRoomDetail -> $OWNER_ID=[2] : added roomdetail successfully
2024-05-06T14:07:01.635Z [owner-service] info: addRoomDetail -> $OWNER_ID=[2] : added roomdetail successfully
2024-05-06T14:07:18.342Z [owner-service] info: ownerLogin -> $OWNER_EMAIL=[owner3@gmail.com] : Owner logged In Successfully
2024-05-06T14:07:33.138Z [owner-service] info: addRoomDetail -> $OWNER_ID=[3] : added roomdetail successfully
2024-05-06T14:07:42.084Z [owner-service] info: addRoomDetail -> $OWNER_ID=[3] : added roomdetail successfully
2024-05-06T14:07:53.004Z [owner-service] info: addRoomDetail -> $OWNER_ID=[3] : added roomdetail successfully
2024-05-06T14:08:07.662Z [owner-service] info: ownerLogin -> $OWNER_EMAIL=[owner4@gmail.com] : Owner logged In Successfully
2024-05-06T14:08:20.677Z [owner-service] info: addRoomDetail -> $OWNER_ID=[4] : added roomdetail successfully
2024-05-06T14:08:28.673Z [owner-service] info: addRoomDetail -> $OWNER_ID=[4] : added roomdetail successfully
2024-05-06T14:08:38.389Z [owner-service] info: addRoomDetail -> $OWNER_ID=[4] : added roomdetail successfully
2024-05-06T14:09:02.622Z [owner-service] info: ownerLogin -> $OWNER_EMAIL=[owner5@gmail.com] : Owner logged In Successfully
2024-05-06T14:09:10.162Z [owner-service] info: addRoomDetail -> $OWNER_ID=[5] : added roomdetail successfully
2024-05-06T14:09:17.456Z [owner-service] info: addRoomDetail -> $OWNER_ID=[5] : added roomdetail successfully
2024-05-06T14:09:27.847Z [owner-service] info: addRoomDetail -> $OWNER_ID=[5] : added roomdetail successfully
2024-05-06T15:40:41.034Z [owner-service] info: ownerLogin -> $OWNER_EMAIL=[owner2@gmail.com] : Owner logged In Successfully
2024-05-06T15:50:10.545Z [owner-service] info: ownerLogin -> $OWNER_EMAIL=[owner2@gmail.com] : Owner logged In Successfully
2024-05-06T16:17:59.500Z [owner-service] info: updateBookingStatus -> $OWNER_ID=[2] : updated booking status 
2024-05-06T19:41:22.559Z [owner-service] info: getHotelDetailByOwnerId -> $OWNER_ID=[2] : fetched hotel detail successfully 
2024-05-07T01:42:49.606Z [owner-service] info: ownerRegister -> $OWNER_EMAIL=[owner6@gmail.com] : new hotelowner registered
2024-05-07T01:44:22.399Z [owner-service] info: ownerLogin -> $OWNER_EMAIL=[owner6@gmail.com] : Owner logged In Successfully
2024-05-07T02:25:45.077Z [owner-service] info: addNewHotelDetail -> $OWNER_ID=[6] : new hotel added
2024-05-07T02:26:20.877Z [owner-service] info: updateHotelDetail -> $OWNER_ID=[6] :  hotel+amenity updated
2024-05-07T02:26:32.100Z [owner-service] info: getHotelDetailByOwnerId -> $OWNER_ID=[6] : fetched hotel detail successfully 
2024-05-07T02:26:37.679Z [owner-service] info: getAllRoomDetailByHotelId -> $OWNER_ID=[6] : fetched all room by hotelownerid
2024-05-07T02:43:18.440Z [owner-service] info: ownerLogin -> $OWNER_EMAIL=[owner1@gmail.com] : Owner logged In Successfully
2024-05-07T02:56:32.786Z [owner-service] info: getCurrentBooking -> $USER_ID=[1] : fetched past booking successfully
2024-05-07T02:57:10.405Z [owner-service] info: getCurrentBooking -> $USER_ID=[1] : fetched past booking successfully
2024-05-07T02:57:38.856Z [owner-service] info: getCurrentBooking -> $USER_ID=[1] : fetched past booking successfully
2024-05-07T03:18:23.867Z [owner-service] info: getPastBooking -> $USER_ID=[1] : fetched past booking successfully
2024-05-07T08:50:34.898Z [owner-service] info: ownerRegister -> $OWNER_EMAIL=[srinivas1234@gmail.com] : new hotelowner registered
2024-05-07T08:50:40.788Z [owner-service] info: ownerLogin -> $OWNER_EMAIL=[srinivas@gmail.com] : Owner logged In Successfully
2024-05-07T08:50:51.467Z [owner-service] info: updateOwnerDetail -> $OWNER_ID=[15] : hotelowner updated
2024-05-07T08:50:57.297Z [owner-service] error:  ownerLogout-> $OWNER_ID=[15] : unauthorized access
2024-05-07T08:51:08.674Z [owner-service] info: addNewHotelDetail -> $OWNER_ID=[15] : new hotel added
2024-05-07T08:51:20.325Z [owner-service] error:  ownerLogout-> $OWNER_ID=[15] : unauthorized access
2024-05-07T08:51:26.995Z [owner-service] info: updateHotelDetail -> $OWNER_ID=[15] :  hotel+amenity updated
2024-05-07T08:51:32.553Z [owner-service] info: getHotelDetailByOwnerId -> $OWNER_ID=[15] : fetched hotel detail successfully 
2024-05-07T08:51:36.937Z [owner-service] info: getAllRoomDetailByHotelId -> $OWNER_ID=[15] : fetched all room by hotelownerid
2024-05-07T08:51:41.825Z [owner-service] info: getRoomDetailByRoomId -> $OWNER_ID=[15] : fetched roomdetail by roomid
2024-05-07T08:51:51.744Z [owner-service] error: deleteRoomDetailByRoomId -> $OWNER_ID=[15] : No room given id found
2024-05-07T08:52:01.920Z [owner-service] error:  ownerLogout-> $OWNER_ID=[15] : unauthorized access
2024-05-07T08:52:39.826Z [owner-service] error:  ownerLogout-> $OWNER_ID=[15] : unauthorized access
2024-05-07T08:52:45.764Z [owner-service] info: updateRoomDetailByRoomId -> $OWNER_ID=[15] : updated  room by roomid
2024-05-07T08:52:55.884Z [owner-service] error:  ownerLogout-> $OWNER_ID=[15] : unauthorized access
2024-05-07T08:53:11.990Z [owner-service] info: addRoomDetail -> $OWNER_ID=[15] : added roomdetail successfully
2024-05-07T08:54:01.268Z [owner-service] info: getPastBooking -> $USER_ID=[15] : fetched past booking successfully
2024-05-07T08:54:36.071Z [owner-service] info: getCurrentBooking -> $USER_ID=[15] : fetched current booking successfully
2024-05-07T08:54:45.556Z [owner-service] info: updateBookingStatus -> $OWNER_ID=[15] : updated booking status 
2024-05-07T08:55:02.111Z [owner-service] info: ownerLogout -> $OWNER_ID=[15] : owner logged Out successfully
2024-05-07T09:06:43.750Z [owner-service] info: ownerLogin -> $OWNER_EMAIL=[srinivas@gmail.com] : Owner logged In Successfully
2024-05-07T09:06:43.791Z [owner-service] error: ownerLogin -> $OWNER_EMAIL=[wrongemail@gmail.com] : Invalid owner email
2024-05-07T09:06:43.855Z [owner-service] error: ownerLogin -> $OWNER_EMAIL=[srinivas@gmail.com] : Invalid owner credentials
2024-05-07T09:06:43.872Z [owner-service] error:  ownerLogout-> $OWNER_ID=[15] : unauthorized access
2024-05-07T09:06:43.955Z [owner-service] error:  ownerLogout-> $OWNER_ID=[15] : unauthorized access
2024-05-07T09:06:43.988Z [owner-service] error:  ownerLogout-> $OWNER_ID=[15] : unauthorized access
2024-05-07T09:06:44.114Z [owner-service] info: getHotelDetailByOwnerId -> $OWNER_ID=[15] : fetched hotel detail successfully 
2024-05-07T09:06:44.162Z [owner-service] error:  ownerLogout-> $OWNER_ID=[15] : unauthorized access
2024-05-07T09:06:44.349Z [owner-service] info: getAllRoomDetailByHotelId -> $OWNER_ID=[15] : fetched all room by hotelownerid
2024-05-07T09:06:44.374Z [owner-service] info: getRoomDetailByRoomId -> $OWNER_ID=[15] : fetched roomdetail by roomid
2024-05-07T09:06:44.384Z [owner-service] error: deleteRoomDetailByRoomId -> $OWNER_ID=[15] : No room given id found
2024-05-07T09:06:44.395Z [owner-service] error:  ownerLogout-> $OWNER_ID=[15] : unauthorized access
2024-05-07T09:06:44.403Z [owner-service] error:  ownerLogout-> $OWNER_ID=[15] : unauthorized access
2024-05-07T09:06:44.414Z [owner-service] error:  ownerLogout-> $OWNER_ID=[15] : unauthorized access
2024-05-15T11:17:26.620Z [owner-service] info: ownerLogin -> $OWNER_EMAIL=[srinivas@gmail.com] : Owner logged In Successfully
2024-05-18T01:28:39.544Z [owner-service] info: ownerRegister -> $OWNER_EMAIL=[srinivas1234@gmail.com] : new hotelowner registered
2024-05-18T01:37:52.080Z [owner-service] info: ownerRegister -> $OWNER_EMAIL=[owner1@gmail.com] : new hotelowner registered
2024-05-18T01:50:57.602Z [owner-service] info: ownerLogin -> $OWNER_EMAIL=[srinivas@gmail.com] : Owner logged In Successfully
2024-05-18T01:54:48.084Z [owner-service] info: ownerLogin -> $OWNER_EMAIL=[srinivas@gmail.com] : Owner logged In Successfully
2024-05-18T02:07:24.551Z [owner-service] info: ownerLogin -> $OWNER_EMAIL=[srinivas@gmail.com] : Owner logged In Successfully
2024-05-18T02:24:26.379Z [owner-service] info: getAllRoomDetailByHotelId -> $OWNER_ID=[15] : fetched all room by hotelownerid
2024-05-18T02:29:25.892Z [owner-service] info: getPastBooking -> $USER_ID=[15] : fetched past booking successfully
2024-05-18T02:29:34.350Z [owner-service] info: getCurrentBooking -> $USER_ID=[15] : fetched current booking successfully
2024-05-18T02:33:21.828Z [owner-service] info: updateBookingStatus -> $OWNER_ID=[15] : updated booking status 
2024-05-18T02:47:54.210Z [owner-service] info: updateOwnerDetail -> $OWNER_ID=[15] : hotelowner updated
2024-05-18T02:53:51.542Z [owner-service] error:  updateOwnerDetail-> $USER_ID=[undefined] : unauthorized access
2024-05-18T02:54:07.498Z [owner-service] error:  updateOwnerDetail-> $USER_ID=[undefined] : unauthorized access
2024-05-18T02:55:33.333Z [owner-service] info: ownerLogin -> $OWNER_EMAIL=[srinivas@gmail.com] : Owner logged In Successfully
2024-05-18T02:55:57.145Z [owner-service] info: updateOwnerDetail -> $OWNER_ID=[15] : hotelowner updated
2024-05-18T03:00:14.874Z [owner-service] info: addNewHotelDetail -> $OWNER_ID=[15] : new hotel added
2024-05-18T03:21:28.330Z [owner-service] info: addNewHotelDetail -> $OWNER_ID=[15] : new hotel added
2024-05-18T03:33:47.637Z [owner-service] info: addNewHotelDetail -> $OWNER_ID=[15] : new hotel added
2024-05-18T05:08:53.129Z [owner-service] info: ownerLogin -> $OWNER_EMAIL=[srinivas@gmail.com] : Owner logged In Successfully
2024-05-18T05:09:52.387Z [owner-service] info: getHotelDetailByOwnerId -> $OWNER_ID=[15] : fetched hotel detail successfully 
2024-05-18T05:21:34.459Z [owner-service] info: getRoomDetailByRoomId -> $OWNER_ID=[15] : fetched roomdetail by roomid
2024-05-18T05:36:48.079Z [owner-service] info: getHotelDetailByOwnerId -> $OWNER_ID=[15] : fetched hotel detail successfully 
2024-05-18T05:41:07.012Z [owner-service] info: getHotelDetailByOwnerId -> $OWNER_ID=[15] : fetched hotel detail successfully 
2024-05-18T05:41:48.186Z [owner-service] info: getHotelDetailByOwnerId -> $OWNER_ID=[15] : fetched hotel detail successfully 
2024-05-18T05:41:48.221Z [owner-service] info: getHotelDetailByOwnerId -> $OWNER_ID=[15] : fetched hotel detail successfully 
2024-05-18T05:41:54.994Z [owner-service] info: getHotelDetailByOwnerId -> $OWNER_ID=[15] : fetched hotel detail successfully 
2024-05-18T05:41:55.002Z [owner-service] info: getHotelDetailByOwnerId -> $OWNER_ID=[15] : fetched hotel detail successfully 
2024-05-18T05:43:13.020Z [owner-service] info: getHotelDetailByOwnerId -> $OWNER_ID=[15] : fetched hotel detail successfully 
2024-05-18T05:48:39.576Z [owner-service] info: addNewHotelDetail -> $OWNER_ID=[15] : new hotel added
2024-05-18T05:48:41.614Z [owner-service] info: getHotelDetailByOwnerId -> $OWNER_ID=[15] : fetched hotel detail successfully 
2024-05-18T05:48:41.622Z [owner-service] info: getHotelDetailByOwnerId -> $OWNER_ID=[15] : fetched hotel detail successfully 
2024-05-18T05:50:02.947Z [owner-service] info: getHotelDetailByOwnerId -> $OWNER_ID=[15] : fetched hotel detail successfully 
2024-05-18T05:50:19.429Z [owner-service] info: getHotelDetailByOwnerId -> $OWNER_ID=[15] : fetched hotel detail successfully 
2024-05-18T05:50:19.538Z [owner-service] info: getHotelDetailByOwnerId -> $OWNER_ID=[15] : fetched hotel detail successfully 
2024-05-18T05:55:03.387Z [owner-service] info: getHotelDetailByOwnerId -> $OWNER_ID=[15] : fetched hotel detail successfully 
2024-05-18T05:55:32.058Z [owner-service] info: getHotelDetailByOwnerId -> $OWNER_ID=[15] : fetched hotel detail successfully 
2024-05-18T06:00:59.848Z [owner-service] info: getHotelDetailByOwnerId -> $OWNER_ID=[15] : fetched hotel detail successfully 
2024-05-18T06:01:07.191Z [owner-service] info: getHotelDetailByOwnerId -> $OWNER_ID=[15] : fetched hotel detail successfully 
2024-05-18T06:01:07.210Z [owner-service] info: getHotelDetailByOwnerId -> $OWNER_ID=[15] : fetched hotel detail successfully 
2024-05-18T06:05:23.087Z [owner-service] info: getHotelDetailByOwnerId -> $OWNER_ID=[15] : fetched hotel detail successfully 
2024-05-18T06:14:12.092Z [owner-service] info: updateHotelDetail -> $OWNER_ID=[15] :  hotel+amenity updated
2024-05-18T06:30:00.058Z [owner-service] info: getHotelDetailByOwnerId -> $OWNER_ID=[15] : fetched hotel detail successfully 
2024-05-18T06:30:00.069Z [owner-service] info: getHotelDetailByOwnerId -> $OWNER_ID=[15] : fetched hotel detail successfully 
2024-05-18T06:50:19.218Z [owner-service] info: getHotelDetailByOwnerId -> $OWNER_ID=[15] : fetched hotel detail successfully 
2024-05-18T06:50:19.240Z [owner-service] info: getHotelDetailByOwnerId -> $OWNER_ID=[15] : fetched hotel detail successfully 
2024-05-18T06:50:34.150Z [owner-service] info: getHotelDetailByOwnerId -> $OWNER_ID=[15] : fetched hotel detail successfully 
2024-05-18T06:50:34.168Z [owner-service] info: getHotelDetailByOwnerId -> $OWNER_ID=[15] : fetched hotel detail successfully 
2024-05-18T06:50:38.452Z [owner-service] info: getHotelDetailByOwnerId -> $OWNER_ID=[15] : fetched hotel detail successfully 
2024-05-18T06:50:38.486Z [owner-service] info: getHotelDetailByOwnerId -> $OWNER_ID=[15] : fetched hotel detail successfully 
2024-05-18T06:59:05.172Z [owner-service] info: getHotelDetailByOwnerId -> $OWNER_ID=[15] : fetched hotel detail successfully 
2024-05-18T06:59:05.180Z [owner-service] info: getHotelDetailByOwnerId -> $OWNER_ID=[15] : fetched hotel detail successfully 
2024-05-18T07:02:29.096Z [owner-service] info: getHotelDetailByOwnerId -> $OWNER_ID=[15] : fetched hotel detail successfully 
2024-05-18T07:02:55.245Z [owner-service] info: getHotelDetailByOwnerId -> $OWNER_ID=[15] : fetched hotel detail successfully 
2024-05-18T07:02:55.376Z [owner-service] info: getHotelDetailByOwnerId -> $OWNER_ID=[15] : fetched hotel detail successfully 
2024-05-18T07:03:08.483Z [owner-service] info: getHotelDetailByOwnerId -> $OWNER_ID=[15] : fetched hotel detail successfully 
2024-05-18T07:03:08.518Z [owner-service] info: getHotelDetailByOwnerId -> $OWNER_ID=[15] : fetched hotel detail successfully 
2024-05-18T07:09:53.068Z [owner-service] info: getHotelDetailByOwnerId -> $OWNER_ID=[15] : fetched hotel detail successfully 
2024-05-18T07:09:53.101Z [owner-service] info: getHotelDetailByOwnerId -> $OWNER_ID=[15] : fetched hotel detail successfully 
2024-05-18T07:10:13.690Z [owner-service] info: getHotelDetailByOwnerId -> $OWNER_ID=[15] : fetched hotel detail successfully 
2024-05-18T07:10:13.720Z [owner-service] info: getHotelDetailByOwnerId -> $OWNER_ID=[15] : fetched hotel detail successfully 
2024-05-18T07:14:57.978Z [owner-service] info: updateHotelDetail -> $OWNER_ID=[15] :  hotel+amenity updated
2024-05-18T07:23:45.524Z [owner-service] info: getHotelDetailByOwnerId -> $OWNER_ID=[15] : fetched hotel detail successfully 
2024-05-18T07:23:45.533Z [owner-service] info: getHotelDetailByOwnerId -> $OWNER_ID=[15] : fetched hotel detail successfully 
2024-05-18T09:19:38.008Z [owner-service] info: ownerLogin -> $OWNER_EMAIL=[srinivas@gmail.com] : Owner logged In Successfully
2024-05-18T09:19:41.575Z [owner-service] info: getHotelDetailByOwnerId -> $OWNER_ID=[15] : fetched hotel detail successfully 
2024-05-18T09:19:41.592Z [owner-service] info: getHotelDetailByOwnerId -> $OWNER_ID=[15] : fetched hotel detail successfully 
2024-05-18T09:21:58.809Z [owner-service] info: getHotelDetailByOwnerId -> $OWNER_ID=[15] : fetched hotel detail successfully 
2024-05-18T09:21:58.831Z [owner-service] info: getHotelDetailByOwnerId -> $OWNER_ID=[15] : fetched hotel detail successfully 
2024-05-18T09:22:27.528Z [owner-service] info: getHotelDetailByOwnerId -> $OWNER_ID=[15] : fetched hotel detail successfully 
2024-05-18T09:22:27.548Z [owner-service] info: getHotelDetailByOwnerId -> $OWNER_ID=[15] : fetched hotel detail successfully 
2024-05-18T09:23:24.739Z [owner-service] info: getHotelDetailByOwnerId -> $OWNER_ID=[15] : fetched hotel detail successfully 
2024-05-18T09:23:24.747Z [owner-service] info: getHotelDetailByOwnerId -> $OWNER_ID=[15] : fetched hotel detail successfully 
2024-05-18T09:25:01.578Z [owner-service] error:  ownerLogout-> $OWNER_ID=[15] : unauthorized access
2024-05-18T09:25:05.536Z [owner-service] error:  ownerLogout-> $OWNER_ID=[15] : unauthorized access
2024-05-18T09:28:28.067Z [owner-service] info: updateHotelDetail -> $OWNER_ID=[15] :  hotel+amenity updated
2024-05-18T09:29:34.241Z [owner-service] info: getHotelDetailByOwnerId -> $OWNER_ID=[15] : fetched hotel detail successfully 
2024-05-18T09:29:34.312Z [owner-service] info: getHotelDetailByOwnerId -> $OWNER_ID=[15] : fetched hotel detail successfully 
2024-05-18T09:29:58.553Z [owner-service] info: updateHotelDetail -> $OWNER_ID=[15] :  hotel+amenity updated
2024-05-18T09:32:20.136Z [owner-service] info: getHotelDetailByOwnerId -> $OWNER_ID=[15] : fetched hotel detail successfully 
2024-05-18T09:32:20.145Z [owner-service] info: getHotelDetailByOwnerId -> $OWNER_ID=[15] : fetched hotel detail successfully 
2024-05-18T09:32:43.528Z [owner-service] info: updateHotelDetail -> $OWNER_ID=[15] :  hotel+amenity updated
2024-05-18T09:34:49.866Z [owner-service] info: getHotelDetailByOwnerId -> $OWNER_ID=[15] : fetched hotel detail successfully 
2024-05-18T09:34:49.883Z [owner-service] info: getHotelDetailByOwnerId -> $OWNER_ID=[15] : fetched hotel detail successfully 
2024-05-18T09:41:11.125Z [owner-service] info: getHotelDetailByOwnerId -> $OWNER_ID=[15] : fetched hotel detail successfully 
2024-05-18T09:41:16.935Z [owner-service] info: getHotelDetailByOwnerId -> $OWNER_ID=[15] : fetched hotel detail successfully 
2024-05-18T09:41:16.946Z [owner-service] info: getHotelDetailByOwnerId -> $OWNER_ID=[15] : fetched hotel detail successfully 
2024-05-18T09:41:19.309Z [owner-service] info: getHotelDetailByOwnerId -> $OWNER_ID=[15] : fetched hotel detail successfully 
2024-05-18T09:41:19.315Z [owner-service] info: getHotelDetailByOwnerId -> $OWNER_ID=[15] : fetched hotel detail successfully 
2024-05-18T09:41:40.681Z [owner-service] info: updateHotelDetail -> $OWNER_ID=[15] :  hotel+amenity updated
2024-05-18T09:43:56.656Z [owner-service] info: getHotelDetailByOwnerId -> $OWNER_ID=[15] : fetched hotel detail successfully 
2024-05-18T09:43:56.661Z [owner-service] info: getHotelDetailByOwnerId -> $OWNER_ID=[15] : fetched hotel detail successfully 
2024-05-18T09:43:57.496Z [owner-service] info: getHotelDetailByOwnerId -> $OWNER_ID=[15] : fetched hotel detail successfully 
2024-05-18T09:43:57.504Z [owner-service] info: getHotelDetailByOwnerId -> $OWNER_ID=[15] : fetched hotel detail successfully 
2024-05-18T09:44:19.381Z [owner-service] info: updateHotelDetail -> $OWNER_ID=[15] :  hotel+amenity updated
2024-05-18T09:47:19.017Z [owner-service] info: getHotelDetailByOwnerId -> $OWNER_ID=[15] : fetched hotel detail successfully 
2024-05-18T09:47:19.053Z [owner-service] info: getHotelDetailByOwnerId -> $OWNER_ID=[15] : fetched hotel detail successfully 
2024-05-18T09:48:35.008Z [owner-service] info: getHotelDetailByOwnerId -> $OWNER_ID=[15] : fetched hotel detail successfully 
2024-05-18T09:48:43.203Z [owner-service] info: getHotelDetailByOwnerId -> $OWNER_ID=[15] : fetched hotel detail successfully 
2024-05-18T09:48:43.215Z [owner-service] info: getHotelDetailByOwnerId -> $OWNER_ID=[15] : fetched hotel detail successfully 
2024-05-18T09:48:55.953Z [owner-service] info: getHotelDetailByOwnerId -> $OWNER_ID=[15] : fetched hotel detail successfully 
2024-05-18T09:48:55.961Z [owner-service] info: getHotelDetailByOwnerId -> $OWNER_ID=[15] : fetched hotel detail successfully 
2024-05-18T09:49:02.750Z [owner-service] info: getHotelDetailByOwnerId -> $OWNER_ID=[15] : fetched hotel detail successfully 
2024-05-18T09:49:02.756Z [owner-service] info: getHotelDetailByOwnerId -> $OWNER_ID=[15] : fetched hotel detail successfully 
2024-05-18T09:49:40.554Z [owner-service] info: getHotelDetailByOwnerId -> $OWNER_ID=[15] : fetched hotel detail successfully 
2024-05-18T09:49:40.574Z [owner-service] info: getHotelDetailByOwnerId -> $OWNER_ID=[15] : fetched hotel detail successfully 
2024-05-18T09:49:41.455Z [owner-service] info: getHotelDetailByOwnerId -> $OWNER_ID=[15] : fetched hotel detail successfully 
2024-05-18T09:49:41.466Z [owner-service] info: getHotelDetailByOwnerId -> $OWNER_ID=[15] : fetched hotel detail successfully 
2024-05-18T09:52:15.896Z [owner-service] info: ownerLogin -> $OWNER_EMAIL=[srinivas@gmail.com] : Owner logged In Successfully
2024-05-18T09:57:46.819Z [owner-service] info: getHotelDetailByOwnerId -> $OWNER_ID=[15] : fetched hotel detail successfully 
2024-05-18T09:57:46.829Z [owner-service] info: getHotelDetailByOwnerId -> $OWNER_ID=[15] : fetched hotel detail successfully 
2024-05-18T09:57:47.964Z [owner-service] info: getHotelDetailByOwnerId -> $OWNER_ID=[15] : fetched hotel detail successfully 
2024-05-18T09:57:47.971Z [owner-service] info: getHotelDetailByOwnerId -> $OWNER_ID=[15] : fetched hotel detail successfully 
2024-05-18T09:57:52.986Z [owner-service] info: getHotelDetailByOwnerId -> $OWNER_ID=[15] : fetched hotel detail successfully 
2024-05-18T09:57:52.996Z [owner-service] info: getHotelDetailByOwnerId -> $OWNER_ID=[15] : fetched hotel detail successfully 
2024-05-18T09:57:57.550Z [owner-service] info: getHotelDetailByOwnerId -> $OWNER_ID=[15] : fetched hotel detail successfully 
2024-05-18T09:57:57.555Z [owner-service] info: getHotelDetailByOwnerId -> $OWNER_ID=[15] : fetched hotel detail successfully 
2024-05-18T09:58:42.529Z [owner-service] info: updateHotelDetail -> $OWNER_ID=[15] :  hotel+amenity updated
2024-05-18T09:58:55.829Z [owner-service] info: getHotelDetailByOwnerId -> $OWNER_ID=[15] : fetched hotel detail successfully 
2024-05-18T09:58:55.858Z [owner-service] info: getHotelDetailByOwnerId -> $OWNER_ID=[15] : fetched hotel detail successfully 
2024-05-18T09:58:58.339Z [owner-service] info: getHotelDetailByOwnerId -> $OWNER_ID=[15] : fetched hotel detail successfully 
2024-05-18T09:58:58.462Z [owner-service] info: getHotelDetailByOwnerId -> $OWNER_ID=[15] : fetched hotel detail successfully 
2024-05-18T09:59:05.935Z [owner-service] info: getHotelDetailByOwnerId -> $OWNER_ID=[15] : fetched hotel detail successfully 
2024-05-18T09:59:05.946Z [owner-service] info: getHotelDetailByOwnerId -> $OWNER_ID=[15] : fetched hotel detail successfully 
2024-05-18T10:05:49.497Z [owner-service] info: getHotelDetailByOwnerId -> $OWNER_ID=[15] : fetched hotel detail successfully 
2024-05-18T10:05:49.516Z [owner-service] info: getHotelDetailByOwnerId -> $OWNER_ID=[15] : fetched hotel detail successfully 
2024-05-18T10:06:19.312Z [owner-service] info: getHotelDetailByOwnerId -> $OWNER_ID=[15] : fetched hotel detail successfully 
2024-05-18T10:06:19.320Z [owner-service] info: getHotelDetailByOwnerId -> $OWNER_ID=[15] : fetched hotel detail successfully 
2024-05-18T10:07:46.991Z [owner-service] info: getHotelDetailByOwnerId -> $OWNER_ID=[15] : fetched hotel detail successfully 
2024-05-18T10:16:57.154Z [owner-service] info: getHotelDetailByOwnerId -> $OWNER_ID=[15] : fetched hotel detail successfully 
2024-05-18T10:16:57.181Z [owner-service] info: getHotelDetailByOwnerId -> $OWNER_ID=[15] : fetched hotel detail successfully 
2024-05-18T10:18:18.823Z [owner-service] info: getHotelDetailByOwnerId -> $OWNER_ID=[15] : fetched hotel detail successfully 
2024-05-18T10:18:18.832Z [owner-service] info: getHotelDetailByOwnerId -> $OWNER_ID=[15] : fetched hotel detail successfully 
2024-05-18T10:18:31.546Z [owner-service] info: getHotelDetailByOwnerId -> $OWNER_ID=[15] : fetched hotel detail successfully 
2024-05-18T10:18:31.552Z [owner-service] info: getHotelDetailByOwnerId -> $OWNER_ID=[15] : fetched hotel detail successfully 
2024-05-18T10:18:33.475Z [owner-service] info: getHotelDetailByOwnerId -> $OWNER_ID=[15] : fetched hotel detail successfully 
2024-05-18T10:18:33.484Z [owner-service] info: getHotelDetailByOwnerId -> $OWNER_ID=[15] : fetched hotel detail successfully 
2024-05-18T10:18:49.497Z [owner-service] info: getHotelDetailByOwnerId -> $OWNER_ID=[15] : fetched hotel detail successfully 
2024-05-18T10:18:49.513Z [owner-service] info: getHotelDetailByOwnerId -> $OWNER_ID=[15] : fetched hotel detail successfully 
2024-05-18T10:20:48.524Z [owner-service] info: getPastBooking -> $USER_ID=[15] : fetched past booking successfully
2024-05-18T10:20:48.537Z [owner-service] info: getPastBooking -> $USER_ID=[15] : fetched past booking successfully
2024-05-18T10:20:57.289Z [owner-service] info: getHotelDetailByOwnerId -> $OWNER_ID=[15] : fetched hotel detail successfully 
2024-05-18T10:20:57.301Z [owner-service] info: getHotelDetailByOwnerId -> $OWNER_ID=[15] : fetched hotel detail successfully 
2024-05-18T10:21:00.134Z [owner-service] info: getPastBooking -> $USER_ID=[15] : fetched past booking successfully
2024-05-18T10:21:00.141Z [owner-service] info: getPastBooking -> $USER_ID=[15] : fetched past booking successfully
2024-05-18T10:21:02.016Z [owner-service] info: getHotelDetailByOwnerId -> $OWNER_ID=[15] : fetched hotel detail successfully 
2024-05-18T10:21:02.034Z [owner-service] info: getHotelDetailByOwnerId -> $OWNER_ID=[15] : fetched hotel detail successfully 
2024-05-18T10:21:35.482Z [owner-service] info: getPastBooking -> $USER_ID=[15] : fetched past booking successfully
2024-05-18T10:21:35.516Z [owner-service] info: getPastBooking -> $USER_ID=[15] : fetched past booking successfully
2024-05-18T10:21:50.151Z [owner-service] info: getHotelDetailByOwnerId -> $OWNER_ID=[15] : fetched hotel detail successfully 
2024-05-18T10:21:50.159Z [owner-service] info: getHotelDetailByOwnerId -> $OWNER_ID=[15] : fetched hotel detail successfully 
2024-05-18T10:21:53.975Z [owner-service] info: getPastBooking -> $USER_ID=[15] : fetched past booking successfully
2024-05-18T10:21:53.981Z [owner-service] info: getPastBooking -> $USER_ID=[15] : fetched past booking successfully
2024-05-18T10:21:55.526Z [owner-service] info: getHotelDetailByOwnerId -> $OWNER_ID=[15] : fetched hotel detail successfully 
2024-05-18T10:21:55.532Z [owner-service] info: getHotelDetailByOwnerId -> $OWNER_ID=[15] : fetched hotel detail successfully 
2024-05-18T10:21:57.237Z [owner-service] info: getPastBooking -> $USER_ID=[15] : fetched past booking successfully
2024-05-18T10:21:57.248Z [owner-service] info: getPastBooking -> $USER_ID=[15] : fetched past booking successfully
2024-05-18T10:23:36.813Z [owner-service] info: getHotelDetailByOwnerId -> $OWNER_ID=[15] : fetched hotel detail successfully 
2024-05-18T10:23:36.822Z [owner-service] info: getHotelDetailByOwnerId -> $OWNER_ID=[15] : fetched hotel detail successfully 
2024-05-18T10:31:30.600Z [owner-service] info: getCurrentBooking -> $USER_ID=[15] : fetched current booking successfully
2024-05-18T10:34:43.945Z [owner-service] info: getCurrentBooking -> $USER_ID=[15] : fetched current booking successfully
2024-05-18T10:45:29.091Z [owner-service] info: getHotelDetailByOwnerId -> $OWNER_ID=[15] : fetched hotel detail successfully 
2024-05-18T10:47:50.012Z [owner-service] info: getHotelDetailByOwnerId -> $OWNER_ID=[15] : fetched hotel detail successfully 
2024-05-18T10:47:50.017Z [owner-service] info: getHotelDetailByOwnerId -> $OWNER_ID=[15] : fetched hotel detail successfully 
2024-05-18T10:47:54.380Z [owner-service] info: getCurrentBooking -> $USER_ID=[15] : fetched current booking successfully
2024-05-18T10:47:54.403Z [owner-service] info: getCurrentBooking -> $USER_ID=[15] : fetched current booking successfully
2024-05-18T10:47:56.538Z [owner-service] info: getHotelDetailByOwnerId -> $OWNER_ID=[15] : fetched hotel detail successfully 
2024-05-18T10:47:56.546Z [owner-service] info: getHotelDetailByOwnerId -> $OWNER_ID=[15] : fetched hotel detail successfully 
2024-05-18T10:48:03.864Z [owner-service] info: getCurrentBooking -> $USER_ID=[15] : fetched current booking successfully
2024-05-18T10:48:03.882Z [owner-service] info: getCurrentBooking -> $USER_ID=[15] : fetched current booking successfully
2024-05-18T10:48:13.424Z [owner-service] error:  updateBookingStatus-> $OWNER_ID=[15] : unauthorized access
2024-05-18T10:49:05.206Z [owner-service] info: getCurrentBooking -> $USER_ID=[15] : fetched current booking successfully
2024-05-18T10:49:08.497Z [owner-service] error:  updateBookingStatus-> $OWNER_ID=[15] : unauthorized access
2024-05-18T10:49:28.169Z [owner-service] info: getCurrentBooking -> $USER_ID=[15] : fetched current booking successfully
2024-05-18T10:49:43.159Z [owner-service] info: updateBookingStatus -> $OWNER_ID=[15] : updated booking status 
2024-05-18T10:49:48.800Z [owner-service] info: updateBookingStatus -> $OWNER_ID=[15] : updated booking status 
2024-05-18T10:49:53.103Z [owner-service] info: getCurrentBooking -> $USER_ID=[15] : fetched current booking successfully
2024-05-18T10:49:53.206Z [owner-service] info: getCurrentBooking -> $USER_ID=[15] : fetched current booking successfully
2024-05-18T10:51:14.986Z [owner-service] info: getHotelDetailByOwnerId -> $OWNER_ID=[15] : fetched hotel detail successfully 
2024-05-18T10:51:15.046Z [owner-service] info: getHotelDetailByOwnerId -> $OWNER_ID=[15] : fetched hotel detail successfully 
2024-05-18T10:51:15.906Z [owner-service] info: getCurrentBooking -> $USER_ID=[15] : fetched current booking successfully
2024-05-18T10:51:15.912Z [owner-service] info: getCurrentBooking -> $USER_ID=[15] : fetched current booking successfully
2024-05-18T10:51:17.869Z [owner-service] info: getHotelDetailByOwnerId -> $OWNER_ID=[15] : fetched hotel detail successfully 
2024-05-18T10:51:17.931Z [owner-service] info: getHotelDetailByOwnerId -> $OWNER_ID=[15] : fetched hotel detail successfully 
2024-05-18T10:51:18.928Z [owner-service] info: getCurrentBooking -> $USER_ID=[15] : fetched current booking successfully
2024-05-18T10:51:18.936Z [owner-service] info: getCurrentBooking -> $USER_ID=[15] : fetched current booking successfully
2024-05-18T10:52:31.794Z [owner-service] info: getCurrentBooking -> $USER_ID=[15] : fetched current booking successfully
2024-05-18T10:52:31.800Z [owner-service] info: getCurrentBooking -> $USER_ID=[15] : fetched current booking successfully
2024-05-18T10:54:17.031Z [owner-service] info: getHotelDetailByOwnerId -> $OWNER_ID=[15] : fetched hotel detail successfully 
2024-05-18T10:54:17.052Z [owner-service] info: getHotelDetailByOwnerId -> $OWNER_ID=[15] : fetched hotel detail successfully 
2024-05-18T11:13:59.083Z [owner-service] info: getHotelDetailByOwnerId -> $OWNER_ID=[15] : fetched hotel detail successfully 
2024-05-18T11:13:59.092Z [owner-service] info: getHotelDetailByOwnerId -> $OWNER_ID=[15] : fetched hotel detail successfully 
2024-05-18T11:18:55.280Z [owner-service] info: getHotelDetailByOwnerId -> $OWNER_ID=[15] : fetched hotel detail successfully 
2024-05-18T11:24:37.842Z [owner-service] info: addRoomDetail -> $OWNER_ID=[15] : added roomdetail successfully
2024-05-18T11:40:32.317Z [owner-service] info: getHotelDetailByOwnerId -> $OWNER_ID=[15] : fetched hotel detail successfully 
2024-05-18T11:40:32.331Z [owner-service] info: getHotelDetailByOwnerId -> $OWNER_ID=[15] : fetched hotel detail successfully 
2024-05-18T11:40:59.113Z [owner-service] info: getHotelDetailByOwnerId -> $OWNER_ID=[15] : fetched hotel detail successfully 
2024-05-18T11:43:45.060Z [owner-service] info: getHotelDetailByOwnerId -> $OWNER_ID=[15] : fetched hotel detail successfully 
2024-05-18T11:43:45.085Z [owner-service] info: getHotelDetailByOwnerId -> $OWNER_ID=[15] : fetched hotel detail successfully 
2024-05-18T11:44:40.186Z [owner-service] error:  ownerLogout-> $OWNER_ID=[15] : unauthorized access
2024-05-18T11:45:38.180Z [owner-service] info: addRoomDetail -> $OWNER_ID=[15] : added roomdetail successfully
2024-05-18T11:46:51.013Z [owner-service] info: getHotelDetailByOwnerId -> $OWNER_ID=[15] : fetched hotel detail successfully 
2024-05-18T11:46:51.033Z [owner-service] info: getHotelDetailByOwnerId -> $OWNER_ID=[15] : fetched hotel detail successfully 
2024-05-18T11:47:03.569Z [owner-service] info: addRoomDetail -> $OWNER_ID=[15] : added roomdetail successfully
2024-05-18T11:48:10.998Z [owner-service] info: getHotelDetailByOwnerId -> $OWNER_ID=[15] : fetched hotel detail successfully 
2024-05-18T11:48:11.016Z [owner-service] info: getHotelDetailByOwnerId -> $OWNER_ID=[15] : fetched hotel detail successfully 
2024-05-18T11:48:19.635Z [owner-service] info: addRoomDetail -> $OWNER_ID=[15] : added roomdetail successfully
2024-05-18T11:48:51.626Z [owner-service] info: getHotelDetailByOwnerId -> $OWNER_ID=[15] : fetched hotel detail successfully 
2024-05-18T11:48:51.671Z [owner-service] info: getHotelDetailByOwnerId -> $OWNER_ID=[15] : fetched hotel detail successfully 
2024-05-18T11:55:26.882Z [owner-service] info: getHotelDetailByOwnerId -> $OWNER_ID=[15] : fetched hotel detail successfully 
2024-05-18T11:55:26.898Z [owner-service] info: getHotelDetailByOwnerId -> $OWNER_ID=[15] : fetched hotel detail successfully 
2024-05-18T12:00:08.327Z [owner-service] info: getHotelDetailByOwnerId -> $OWNER_ID=[15] : fetched hotel detail successfully 
2024-05-18T12:03:36.081Z [owner-service] info: getAllRoomDetailByHotelId -> $OWNER_ID=[15] : fetched all room by hotelownerid
2024-05-18T12:10:04.979Z [owner-service] info: updateRoomDetailByRoomId -> $OWNER_ID=[15] : updated  room by roomid
2024-05-18T12:15:26.233Z [owner-service] error: deleteRoomDetailByRoomId -> $OWNER_ID=[15] : No room given id found
2024-05-18T12:15:58.288Z [owner-service] info: deleteRoomDetailByRoomId -> $OWNER_ID=[15] :deleted given room successfully
2024-05-18T12:20:54.125Z [owner-service] info: getHotelDetailByOwnerId -> $OWNER_ID=[15] : fetched hotel detail successfully 
2024-05-18T12:20:54.162Z [owner-service] info: getHotelDetailByOwnerId -> $OWNER_ID=[15] : fetched hotel detail successfully 
2024-05-18T12:21:08.024Z [owner-service] info: getHotelDetailByOwnerId -> $OWNER_ID=[15] : fetched hotel detail successfully 
2024-05-18T12:24:58.785Z [owner-service] info: getHotelDetailByOwnerId -> $OWNER_ID=[15] : fetched hotel detail successfully 
2024-05-18T12:24:58.832Z [owner-service] info: getHotelDetailByOwnerId -> $OWNER_ID=[15] : fetched hotel detail successfully 
2024-05-18T12:25:09.244Z [owner-service] info: getAllRoomDetailByHotelId -> $OWNER_ID=[15] : fetched all room by hotelownerid
2024-05-18T12:25:09.274Z [owner-service] info: getAllRoomDetailByHotelId -> $OWNER_ID=[15] : fetched all room by hotelownerid
2024-05-18T12:26:29.545Z [owner-service] info: getRoomDetailByRoomId -> $OWNER_ID=[15] : fetched roomdetail by roomid
2024-05-18T12:26:29.589Z [owner-service] info: getRoomDetailByRoomId -> $OWNER_ID=[15] : fetched roomdetail by roomid
2024-05-18T12:26:38.188Z [owner-service] info: getAllRoomDetailByHotelId -> $OWNER_ID=[15] : fetched all room by hotelownerid
2024-05-18T12:26:38.198Z [owner-service] info: getAllRoomDetailByHotelId -> $OWNER_ID=[15] : fetched all room by hotelownerid
2024-05-18T12:26:41.510Z [owner-service] info: getRoomDetailByRoomId -> $OWNER_ID=[15] : fetched roomdetail by roomid
2024-05-18T12:26:41.534Z [owner-service] info: getRoomDetailByRoomId -> $OWNER_ID=[15] : fetched roomdetail by roomid
2024-05-18T12:27:04.409Z [owner-service] error:  ownerLogout-> $OWNER_ID=[15] : unauthorized access
2024-05-18T12:27:39.209Z [owner-service] info: getRoomDetailByRoomId -> $OWNER_ID=[15] : fetched roomdetail by roomid
2024-05-18T12:27:43.857Z [owner-service] info: updateRoomDetailByRoomId -> $OWNER_ID=[15] : updated  room by roomid
2024-05-18T12:28:04.081Z [owner-service] info: getAllRoomDetailByHotelId -> $OWNER_ID=[15] : fetched all room by hotelownerid
2024-05-18T12:28:04.106Z [owner-service] info: getAllRoomDetailByHotelId -> $OWNER_ID=[15] : fetched all room by hotelownerid
2024-05-18T12:28:29.040Z [owner-service] info: getAllRoomDetailByHotelId -> $OWNER_ID=[15] : fetched all room by hotelownerid
2024-05-18T12:28:29.054Z [owner-service] info: getAllRoomDetailByHotelId -> $OWNER_ID=[15] : fetched all room by hotelownerid
2024-05-18T12:28:31.674Z [owner-service] info: getRoomDetailByRoomId -> $OWNER_ID=[15] : fetched roomdetail by roomid
2024-05-18T12:28:31.801Z [owner-service] info: getRoomDetailByRoomId -> $OWNER_ID=[15] : fetched roomdetail by roomid
2024-05-18T12:28:36.830Z [owner-service] info: updateRoomDetailByRoomId -> $OWNER_ID=[15] : updated  room by roomid
2024-05-18T12:28:38.782Z [owner-service] info: getAllRoomDetailByHotelId -> $OWNER_ID=[15] : fetched all room by hotelownerid
2024-05-18T12:28:38.810Z [owner-service] info: getAllRoomDetailByHotelId -> $OWNER_ID=[15] : fetched all room by hotelownerid
2024-05-18T12:28:45.487Z [owner-service] info: getRoomDetailByRoomId -> $OWNER_ID=[15] : fetched roomdetail by roomid
2024-05-18T12:28:45.504Z [owner-service] info: getRoomDetailByRoomId -> $OWNER_ID=[15] : fetched roomdetail by roomid
2024-05-18T12:28:48.873Z [owner-service] info: updateRoomDetailByRoomId -> $OWNER_ID=[15] : updated  room by roomid
2024-05-18T12:28:51.750Z [owner-service] info: getAllRoomDetailByHotelId -> $OWNER_ID=[15] : fetched all room by hotelownerid
2024-05-18T12:28:51.763Z [owner-service] info: getAllRoomDetailByHotelId -> $OWNER_ID=[15] : fetched all room by hotelownerid
2024-05-18T12:29:13.050Z [owner-service] info: deleteRoomDetailByRoomId -> $OWNER_ID=[15] :deleted given room successfully
2024-05-18T12:29:17.627Z [owner-service] info: getAllRoomDetailByHotelId -> $OWNER_ID=[15] : fetched all room by hotelownerid
2024-05-18T12:29:17.655Z [owner-service] info: getAllRoomDetailByHotelId -> $OWNER_ID=[15] : fetched all room by hotelownerid
2024-05-18T12:29:38.430Z [owner-service] info: getHotelDetailByOwnerId -> $OWNER_ID=[15] : fetched hotel detail successfully 
2024-05-18T12:29:38.445Z [owner-service] info: getHotelDetailByOwnerId -> $OWNER_ID=[15] : fetched hotel detail successfully 
2024-05-18T12:29:41.561Z [owner-service] info: getAllRoomDetailByHotelId -> $OWNER_ID=[15] : fetched all room by hotelownerid
2024-05-18T12:29:41.573Z [owner-service] info: getAllRoomDetailByHotelId -> $OWNER_ID=[15] : fetched all room by hotelownerid
2024-05-18T12:29:44.241Z [owner-service] info: getHotelDetailByOwnerId -> $OWNER_ID=[15] : fetched hotel detail successfully 
2024-05-18T12:29:44.256Z [owner-service] info: getHotelDetailByOwnerId -> $OWNER_ID=[15] : fetched hotel detail successfully 
2024-05-18T12:29:47.716Z [owner-service] info: getAllRoomDetailByHotelId -> $OWNER_ID=[15] : fetched all room by hotelownerid
2024-05-18T12:29:47.741Z [owner-service] info: getAllRoomDetailByHotelId -> $OWNER_ID=[15] : fetched all room by hotelownerid
2024-05-18T12:29:51.744Z [owner-service] info: getHotelDetailByOwnerId -> $OWNER_ID=[15] : fetched hotel detail successfully 
2024-05-18T12:29:51.760Z [owner-service] info: getHotelDetailByOwnerId -> $OWNER_ID=[15] : fetched hotel detail successfully 
2024-05-18T12:37:29.517Z [owner-service] info: getAllRoomDetailByHotelId -> $OWNER_ID=[15] : fetched all room by hotelownerid
2024-05-18T12:37:29.554Z [owner-service] info: getAllRoomDetailByHotelId -> $OWNER_ID=[15] : fetched all room by hotelownerid
2024-05-18T12:37:29.851Z [owner-service] info: getHotelDetailByOwnerId -> $OWNER_ID=[15] : fetched hotel detail successfully 
2024-05-18T12:37:29.876Z [owner-service] info: getHotelDetailByOwnerId -> $OWNER_ID=[15] : fetched hotel detail successfully 
2024-05-18T12:37:30.944Z [owner-service] info: getAllRoomDetailByHotelId -> $OWNER_ID=[15] : fetched all room by hotelownerid
2024-05-18T12:37:30.949Z [owner-service] info: getAllRoomDetailByHotelId -> $OWNER_ID=[15] : fetched all room by hotelownerid
2024-05-18T12:37:32.807Z [owner-service] info: getHotelDetailByOwnerId -> $OWNER_ID=[15] : fetched hotel detail successfully 
2024-05-18T12:37:32.816Z [owner-service] info: getHotelDetailByOwnerId -> $OWNER_ID=[15] : fetched hotel detail successfully 
2024-05-18T12:37:34.750Z [owner-service] info: getAllRoomDetailByHotelId -> $OWNER_ID=[15] : fetched all room by hotelownerid
2024-05-18T12:37:34.823Z [owner-service] info: getAllRoomDetailByHotelId -> $OWNER_ID=[15] : fetched all room by hotelownerid
2024-05-18T12:37:36.502Z [owner-service] info: getHotelDetailByOwnerId -> $OWNER_ID=[15] : fetched hotel detail successfully 
2024-05-18T12:37:36.508Z [owner-service] info: getHotelDetailByOwnerId -> $OWNER_ID=[15] : fetched hotel detail successfully 
2024-05-18T12:37:39.268Z [owner-service] info: getAllRoomDetailByHotelId -> $OWNER_ID=[15] : fetched all room by hotelownerid
2024-05-18T12:37:39.274Z [owner-service] info: getAllRoomDetailByHotelId -> $OWNER_ID=[15] : fetched all room by hotelownerid
2024-05-18T12:37:39.809Z [owner-service] info: getHotelDetailByOwnerId -> $OWNER_ID=[15] : fetched hotel detail successfully 
2024-05-18T12:37:39.819Z [owner-service] info: getHotelDetailByOwnerId -> $OWNER_ID=[15] : fetched hotel detail successfully 
2024-05-18T12:37:42.753Z [owner-service] info: getAllRoomDetailByHotelId -> $OWNER_ID=[15] : fetched all room by hotelownerid
2024-05-18T12:37:42.761Z [owner-service] info: getAllRoomDetailByHotelId -> $OWNER_ID=[15] : fetched all room by hotelownerid
2024-05-18T12:37:44.566Z [owner-service] info: getHotelDetailByOwnerId -> $OWNER_ID=[15] : fetched hotel detail successfully 
2024-05-18T12:37:44.574Z [owner-service] info: getHotelDetailByOwnerId -> $OWNER_ID=[15] : fetched hotel detail successfully 
2024-05-19T06:35:08.424Z [owner-service] info: ownerLogin -> $OWNER_EMAIL=[srinivas@gmail.com] : Owner logged In Successfully
2024-05-19T06:35:17.397Z [owner-service] info: getHotelDetailByOwnerId -> $OWNER_ID=[15] : fetched hotel detail successfully 
2024-05-19T06:35:17.406Z [owner-service] info: getHotelDetailByOwnerId -> $OWNER_ID=[15] : fetched hotel detail successfully 
2024-05-19T06:35:20.690Z [owner-service] info: getHotelDetailByOwnerId -> $OWNER_ID=[15] : fetched hotel detail successfully 
2024-05-19T06:35:20.697Z [owner-service] info: getHotelDetailByOwnerId -> $OWNER_ID=[15] : fetched hotel detail successfully 
2024-05-19T06:35:22.235Z [owner-service] info: getHotelDetailByOwnerId -> $OWNER_ID=[15] : fetched hotel detail successfully 
2024-05-19T06:35:22.244Z [owner-service] info: getHotelDetailByOwnerId -> $OWNER_ID=[15] : fetched hotel detail successfully 
2024-05-19T06:35:23.575Z [owner-service] info: getPastBooking -> $USER_ID=[15] : fetched past booking successfully
2024-05-19T06:35:23.581Z [owner-service] info: getPastBooking -> $USER_ID=[15] : fetched past booking successfully
2024-05-19T06:35:25.373Z [owner-service] info: getHotelDetailByOwnerId -> $OWNER_ID=[15] : fetched hotel detail successfully 
2024-05-19T06:35:25.383Z [owner-service] info: getHotelDetailByOwnerId -> $OWNER_ID=[15] : fetched hotel detail successfully 
2024-05-19T06:35:26.400Z [owner-service] info: getPastBooking -> $USER_ID=[15] : fetched past booking successfully
2024-05-19T06:35:26.411Z [owner-service] info: getPastBooking -> $USER_ID=[15] : fetched past booking successfully
2024-05-19T06:35:28.533Z [owner-service] info: getHotelDetailByOwnerId -> $OWNER_ID=[15] : fetched hotel detail successfully 
2024-05-19T06:35:28.539Z [owner-service] info: getHotelDetailByOwnerId -> $OWNER_ID=[15] : fetched hotel detail successfully 
2024-05-19T06:35:29.650Z [owner-service] info: getCurrentBooking -> $USER_ID=[15] : fetched current booking successfully
2024-05-19T06:35:29.658Z [owner-service] info: getCurrentBooking -> $USER_ID=[15] : fetched current booking successfully
2024-05-19T06:35:30.930Z [owner-service] info: getHotelDetailByOwnerId -> $OWNER_ID=[15] : fetched hotel detail successfully 
2024-05-19T06:35:30.938Z [owner-service] info: getHotelDetailByOwnerId -> $OWNER_ID=[15] : fetched hotel detail successfully 
2024-05-19T06:35:31.894Z [owner-service] info: getCurrentBooking -> $USER_ID=[15] : fetched current booking successfully
2024-05-19T06:35:31.899Z [owner-service] info: getCurrentBooking -> $USER_ID=[15] : fetched current booking successfully
2024-05-19T06:35:38.927Z [owner-service] info: getHotelDetailByOwnerId -> $OWNER_ID=[15] : fetched hotel detail successfully 
2024-05-19T06:35:38.940Z [owner-service] info: getHotelDetailByOwnerId -> $OWNER_ID=[15] : fetched hotel detail successfully 
2024-05-19T06:35:42.565Z [owner-service] info: getHotelDetailByOwnerId -> $OWNER_ID=[15] : fetched hotel detail successfully 
2024-05-19T06:35:42.573Z [owner-service] info: getHotelDetailByOwnerId -> $OWNER_ID=[15] : fetched hotel detail successfully 
2024-05-19T06:35:48.195Z [owner-service] info: getHotelDetailByOwnerId -> $OWNER_ID=[15] : fetched hotel detail successfully 
2024-05-19T06:35:48.205Z [owner-service] info: getHotelDetailByOwnerId -> $OWNER_ID=[15] : fetched hotel detail successfully 
2024-05-19T06:35:49.131Z [owner-service] info: getHotelDetailByOwnerId -> $OWNER_ID=[15] : fetched hotel detail successfully 
2024-05-19T06:35:49.135Z [owner-service] info: getHotelDetailByOwnerId -> $OWNER_ID=[15] : fetched hotel detail successfully 
2024-05-19T06:35:50.557Z [owner-service] info: getAllRoomDetailByHotelId -> $OWNER_ID=[15] : fetched all room by hotelownerid
2024-05-19T06:35:50.562Z [owner-service] info: getAllRoomDetailByHotelId -> $OWNER_ID=[15] : fetched all room by hotelownerid
2024-05-19T06:35:51.767Z [owner-service] info: getHotelDetailByOwnerId -> $OWNER_ID=[15] : fetched hotel detail successfully 
2024-05-19T06:35:51.775Z [owner-service] info: getHotelDetailByOwnerId -> $OWNER_ID=[15] : fetched hotel detail successfully 
2024-05-19T06:35:53.005Z [owner-service] info: getAllRoomDetailByHotelId -> $OWNER_ID=[15] : fetched all room by hotelownerid
2024-05-19T06:35:53.010Z [owner-service] info: getAllRoomDetailByHotelId -> $OWNER_ID=[15] : fetched all room by hotelownerid
2024-05-19T06:36:02.231Z [owner-service] info: deleteRoomDetailByRoomId -> $OWNER_ID=[15] :deleted given room successfully
2024-05-19T06:36:09.755Z [owner-service] info: getRoomDetailByRoomId -> $OWNER_ID=[15] : fetched roomdetail by roomid
2024-05-19T06:36:09.761Z [owner-service] info: getRoomDetailByRoomId -> $OWNER_ID=[15] : fetched roomdetail by roomid
2024-05-19T06:36:12.433Z [owner-service] info: getAllRoomDetailByHotelId -> $OWNER_ID=[15] : fetched all room by hotelownerid
2024-05-19T06:36:12.440Z [owner-service] info: getAllRoomDetailByHotelId -> $OWNER_ID=[15] : fetched all room by hotelownerid
2024-05-19T06:36:16.119Z [owner-service] info: getRoomDetailByRoomId -> $OWNER_ID=[15] : fetched roomdetail by roomid
2024-05-19T06:36:16.124Z [owner-service] info: getRoomDetailByRoomId -> $OWNER_ID=[15] : fetched roomdetail by roomid
2024-05-19T06:36:17.846Z [owner-service] info: getAllRoomDetailByHotelId -> $OWNER_ID=[15] : fetched all room by hotelownerid
2024-05-19T06:36:17.853Z [owner-service] info: getAllRoomDetailByHotelId -> $OWNER_ID=[15] : fetched all room by hotelownerid
2024-05-19T06:36:18.453Z [owner-service] info: getHotelDetailByOwnerId -> $OWNER_ID=[15] : fetched hotel detail successfully 
2024-05-19T06:36:18.461Z [owner-service] info: getHotelDetailByOwnerId -> $OWNER_ID=[15] : fetched hotel detail successfully 
2024-05-19T11:40:52.450Z [owner-service] info: ownerLogin -> $OWNER_EMAIL=[srinivas@gmail.com] : Owner logged In Successfully
2024-05-19T11:40:55.723Z [owner-service] info: getOwnerDetailByOwnerId -> $OWNER_ID=[15] : fetched owner detail successfully 
2024-05-19T15:54:14.569Z [owner-service] info: ownerLogin -> $OWNER_EMAIL=[srinivas@gmail.com] : Owner logged In Successfully
2024-05-19T15:54:21.066Z [owner-service] info: getHotelDetailByOwnerId -> $OWNER_ID=[15] : fetched hotel detail successfully 
2024-05-19T15:54:21.093Z [owner-service] info: getHotelDetailByOwnerId -> $OWNER_ID=[15] : fetched hotel detail successfully 
2024-05-19T15:54:24.695Z [owner-service] info: getHotelDetailByOwnerId -> $OWNER_ID=[15] : fetched hotel detail successfully 
2024-05-19T15:54:24.717Z [owner-service] info: getHotelDetailByOwnerId -> $OWNER_ID=[15] : fetched hotel detail successfully 
2024-05-19T15:54:26.855Z [owner-service] info: getHotelDetailByOwnerId -> $OWNER_ID=[15] : fetched hotel detail successfully 
2024-05-19T15:54:26.886Z [owner-service] info: getHotelDetailByOwnerId -> $OWNER_ID=[15] : fetched hotel detail successfully 
2024-05-21T11:56:27.258Z [owner-service] info: ownerLogin -> $OWNER_EMAIL=[srinivas@gmail.com] : Owner logged In Successfully
2024-05-21T11:56:41.701Z [owner-service] info: getHotelDetailByOwnerId -> $OWNER_ID=[15] : fetched hotel detail successfully 
2024-05-21T11:56:41.720Z [owner-service] info: getHotelDetailByOwnerId -> $OWNER_ID=[15] : fetched hotel detail successfully 
2024-05-21T11:56:49.806Z [owner-service] info: getHotelDetailByOwnerId -> $OWNER_ID=[15] : fetched hotel detail successfully 
2024-05-21T11:56:49.833Z [owner-service] info: getHotelDetailByOwnerId -> $OWNER_ID=[15] : fetched hotel detail successfully 
2024-05-21T11:56:51.182Z [owner-service] info: getHotelDetailByOwnerId -> $OWNER_ID=[15] : fetched hotel detail successfully 
2024-05-21T11:56:51.206Z [owner-service] info: getHotelDetailByOwnerId -> $OWNER_ID=[15] : fetched hotel detail successfully 
2024-05-21T11:56:53.450Z [owner-service] info: getPastBooking -> $USER_ID=[15] : fetched past booking successfully
2024-05-21T11:56:53.475Z [owner-service] info: getPastBooking -> $USER_ID=[15] : fetched past booking successfully
2024-05-21T11:56:56.086Z [owner-service] info: getHotelDetailByOwnerId -> $OWNER_ID=[15] : fetched hotel detail successfully 
2024-05-21T11:56:56.113Z [owner-service] info: getHotelDetailByOwnerId -> $OWNER_ID=[15] : fetched hotel detail successfully 
2024-05-21T11:56:57.752Z [owner-service] info: getCurrentBooking -> $USER_ID=[15] : fetched current booking successfully
2024-05-21T11:56:57.775Z [owner-service] info: getCurrentBooking -> $USER_ID=[15] : fetched current booking successfully
2024-05-21T11:57:09.190Z [owner-service] info: getHotelDetailByOwnerId -> $OWNER_ID=[15] : fetched hotel detail successfully 
2024-05-21T11:57:09.216Z [owner-service] info: getHotelDetailByOwnerId -> $OWNER_ID=[15] : fetched hotel detail successfully 
2024-05-21T11:57:11.294Z [owner-service] info: getHotelDetailByOwnerId -> $OWNER_ID=[15] : fetched hotel detail successfully 
2024-05-21T11:57:11.312Z [owner-service] info: getHotelDetailByOwnerId -> $OWNER_ID=[15] : fetched hotel detail successfully 
2024-05-21T11:57:20.505Z [owner-service] info: getHotelDetailByOwnerId -> $OWNER_ID=[15] : fetched hotel detail successfully 
2024-05-21T11:57:20.526Z [owner-service] info: getHotelDetailByOwnerId -> $OWNER_ID=[15] : fetched hotel detail successfully 
2024-05-21T11:57:21.712Z [owner-service] info: getHotelDetailByOwnerId -> $OWNER_ID=[15] : fetched hotel detail successfully 
2024-05-21T11:57:21.725Z [owner-service] info: getHotelDetailByOwnerId -> $OWNER_ID=[15] : fetched hotel detail successfully 
2024-05-21T11:57:25.035Z [owner-service] info: getAllRoomDetailByHotelId -> $OWNER_ID=[15] : fetched all room by hotelownerid
2024-05-21T11:57:25.052Z [owner-service] info: getAllRoomDetailByHotelId -> $OWNER_ID=[15] : fetched all room by hotelownerid
2024-05-21T11:57:29.731Z [owner-service] info: getRoomDetailByRoomId -> $OWNER_ID=[15] : fetched roomdetail by roomid
2024-05-21T11:57:29.749Z [owner-service] info: getRoomDetailByRoomId -> $OWNER_ID=[15] : fetched roomdetail by roomid
2024-05-21T11:57:30.910Z [owner-service] info: getAllRoomDetailByHotelId -> $OWNER_ID=[15] : fetched all room by hotelownerid
2024-05-21T11:57:30.935Z [owner-service] info: getAllRoomDetailByHotelId -> $OWNER_ID=[15] : fetched all room by hotelownerid
2024-05-21T11:57:32.974Z [owner-service] info: getHotelDetailByOwnerId -> $OWNER_ID=[15] : fetched hotel detail successfully 
2024-05-21T11:57:33.006Z [owner-service] info: getHotelDetailByOwnerId -> $OWNER_ID=[15] : fetched hotel detail successfully 
2024-05-22T05:31:46.650Z [owner-service] info: ownerLogin -> $OWNER_EMAIL=[srinivas@gmail.com] : Owner logged In Successfully
2024-05-22T05:31:51.542Z [owner-service] info: getHotelDetailByOwnerId -> $OWNER_ID=[15] : fetched hotel detail successfully 
2024-05-22T05:31:51.557Z [owner-service] info: getHotelDetailByOwnerId -> $OWNER_ID=[15] : fetched hotel detail successfully 
2024-05-22T05:31:56.897Z [owner-service] info: getCurrentBooking -> $USER_ID=[15] : fetched current booking successfully
2024-05-22T05:31:56.906Z [owner-service] info: getCurrentBooking -> $USER_ID=[15] : fetched current booking successfully
2024-05-22T05:31:58.641Z [owner-service] info: getHotelDetailByOwnerId -> $OWNER_ID=[15] : fetched hotel detail successfully 
2024-05-22T05:31:58.656Z [owner-service] info: getHotelDetailByOwnerId -> $OWNER_ID=[15] : fetched hotel detail successfully 
2024-05-22T05:31:59.861Z [owner-service] info: getCurrentBooking -> $USER_ID=[15] : fetched current booking successfully
2024-05-22T05:31:59.874Z [owner-service] info: getCurrentBooking -> $USER_ID=[15] : fetched current booking successfully
2024-05-22T05:32:16.206Z [owner-service] info: updateBookingStatus -> $OWNER_ID=[15] : updated booking status 
2024-05-22T05:32:23.024Z [owner-service] info: getHotelDetailByOwnerId -> $OWNER_ID=[15] : fetched hotel detail successfully 
2024-05-22T05:32:23.039Z [owner-service] info: getHotelDetailByOwnerId -> $OWNER_ID=[15] : fetched hotel detail successfully 
2024-05-22T11:13:34.307Z [owner-service] info: ownerLogin -> $OWNER_EMAIL=[srinivas@gmail.com] : Owner logged In Successfully
2024-05-22T11:13:49.527Z [owner-service] info: getHotelDetailByOwnerId -> $OWNER_ID=[15] : fetched hotel detail successfully 
2024-05-22T11:13:49.545Z [owner-service] info: getHotelDetailByOwnerId -> $OWNER_ID=[15] : fetched hotel detail successfully 
2024-05-22T11:14:00.083Z [owner-service] info: getPastBooking -> $USER_ID=[15] : fetched past booking successfully
2024-05-22T11:14:00.103Z [owner-service] info: getPastBooking -> $USER_ID=[15] : fetched past booking successfully
2024-05-22T11:14:01.158Z [owner-service] info: getHotelDetailByOwnerId -> $OWNER_ID=[15] : fetched hotel detail successfully 
2024-05-22T11:14:01.176Z [owner-service] info: getHotelDetailByOwnerId -> $OWNER_ID=[15] : fetched hotel detail successfully 
2024-05-22T11:14:02.498Z [owner-service] info: getPastBooking -> $USER_ID=[15] : fetched past booking successfully
2024-05-22T11:14:02.532Z [owner-service] info: getPastBooking -> $USER_ID=[15] : fetched past booking successfully
2024-05-22T11:14:04.926Z [owner-service] info: getHotelDetailByOwnerId -> $OWNER_ID=[15] : fetched hotel detail successfully 
2024-05-22T11:14:04.950Z [owner-service] info: getHotelDetailByOwnerId -> $OWNER_ID=[15] : fetched hotel detail successfully 
2024-05-22T11:14:05.865Z [owner-service] info: getCurrentBooking -> $USER_ID=[15] : fetched current booking successfully
2024-05-22T11:14:05.878Z [owner-service] info: getCurrentBooking -> $USER_ID=[15] : fetched current booking successfully
2024-05-22T11:14:17.535Z [owner-service] info: updateBookingStatus -> $OWNER_ID=[15] : updated booking status 
2024-05-22T11:14:22.960Z [owner-service] info: getHotelDetailByOwnerId -> $OWNER_ID=[15] : fetched hotel detail successfully 
2024-05-22T11:14:22.979Z [owner-service] info: getHotelDetailByOwnerId -> $OWNER_ID=[15] : fetched hotel detail successfully 
2024-05-22T11:14:27.009Z [owner-service] info: getHotelDetailByOwnerId -> $OWNER_ID=[15] : fetched hotel detail successfully 
2024-05-22T11:14:27.020Z [owner-service] info: getHotelDetailByOwnerId -> $OWNER_ID=[15] : fetched hotel detail successfully 
2024-05-22T11:14:43.036Z [owner-service] info: getHotelDetailByOwnerId -> $OWNER_ID=[15] : fetched hotel detail successfully 
2024-05-22T11:14:43.059Z [owner-service] info: getHotelDetailByOwnerId -> $OWNER_ID=[15] : fetched hotel detail successfully 
2024-05-22T11:14:44.544Z [owner-service] info: getHotelDetailByOwnerId -> $OWNER_ID=[15] : fetched hotel detail successfully 
2024-05-22T11:14:44.562Z [owner-service] info: getHotelDetailByOwnerId -> $OWNER_ID=[15] : fetched hotel detail successfully 
2024-05-22T11:14:46.499Z [owner-service] info: getAllRoomDetailByHotelId -> $OWNER_ID=[15] : fetched all room by hotelownerid
2024-05-22T11:14:46.511Z [owner-service] info: getAllRoomDetailByHotelId -> $OWNER_ID=[15] : fetched all room by hotelownerid
2024-05-22T11:14:47.871Z [owner-service] info: getHotelDetailByOwnerId -> $OWNER_ID=[15] : fetched hotel detail successfully 
2024-05-22T11:14:47.883Z [owner-service] info: getHotelDetailByOwnerId -> $OWNER_ID=[15] : fetched hotel detail successfully 
2024-05-22T11:14:49.378Z [owner-service] info: getAllRoomDetailByHotelId -> $OWNER_ID=[15] : fetched all room by hotelownerid
2024-05-22T11:14:49.394Z [owner-service] info: getAllRoomDetailByHotelId -> $OWNER_ID=[15] : fetched all room by hotelownerid
2024-05-22T11:14:55.132Z [owner-service] info: getRoomDetailByRoomId -> $OWNER_ID=[15] : fetched roomdetail by roomid
2024-05-22T11:14:55.154Z [owner-service] info: getRoomDetailByRoomId -> $OWNER_ID=[15] : fetched roomdetail by roomid
2024-05-22T11:14:56.248Z [owner-service] info: getAllRoomDetailByHotelId -> $OWNER_ID=[15] : fetched all room by hotelownerid
2024-05-22T11:14:56.259Z [owner-service] info: getAllRoomDetailByHotelId -> $OWNER_ID=[15] : fetched all room by hotelownerid
2024-05-22T11:14:58.254Z [owner-service] info: getHotelDetailByOwnerId -> $OWNER_ID=[15] : fetched hotel detail successfully 
2024-05-22T11:14:58.269Z [owner-service] info: getHotelDetailByOwnerId -> $OWNER_ID=[15] : fetched hotel detail successfully 
2024-05-22T11:15:06.730Z [owner-service] info: getAllRoomDetailByHotelId -> $OWNER_ID=[15] : fetched all room by hotelownerid
2024-05-22T11:15:06.745Z [owner-service] info: getAllRoomDetailByHotelId -> $OWNER_ID=[15] : fetched all room by hotelownerid
2024-05-22T11:15:22.158Z [owner-service] info: getHotelDetailByOwnerId -> $OWNER_ID=[15] : fetched hotel detail successfully 
2024-05-22T11:15:22.179Z [owner-service] info: getHotelDetailByOwnerId -> $OWNER_ID=[15] : fetched hotel detail successfully 
2024-05-22T12:55:27.346Z [owner-service] info: ownerRegister -> $OWNER_EMAIL=[owner2@gmail.com] : new hotelowner registered
2024-05-22T13:00:12.844Z [owner-service] info: ownerLogin -> $OWNER_EMAIL=[srinivas@gmail.com] : Owner logged In Successfully
2024-05-22T13:10:03.774Z [owner-service] info: updateOwnerDetail -> $OWNER_ID=[15] : hotelowner updated
2024-05-22T13:19:58.098Z [owner-service] info: updateOwnerDetail -> $OWNER_ID=[15] : hotelowner updated
2024-05-22T16:08:57.190Z [owner-service] info: ownerLogin -> $OWNER_EMAIL=[srinivas@gmail.com] : Owner logged In Successfully
2024-05-22T16:10:26.930Z [owner-service] info: addNewHotelDetail -> $OWNER_ID=[15] : new hotel added
2024-05-22T16:10:31.357Z [owner-service] info: getHotelDetailByOwnerId -> $OWNER_ID=[15] : fetched hotel detail successfully 
2024-05-22T16:10:31.375Z [owner-service] info: getHotelDetailByOwnerId -> $OWNER_ID=[15] : fetched hotel detail successfully 
2024-05-22T16:15:39.867Z [owner-service] info: getHotelDetailByOwnerId -> $OWNER_ID=[15] : fetched hotel detail successfully 
2024-05-22T16:15:39.879Z [owner-service] info: getHotelDetailByOwnerId -> $OWNER_ID=[15] : fetched hotel detail successfully 
2024-05-22T16:21:46.844Z [owner-service] info: getHotelDetailByOwnerId -> $OWNER_ID=[15] : fetched hotel detail successfully 
2024-05-22T16:22:07.847Z [owner-service] info: getHotelDetailByOwnerId -> $OWNER_ID=[15] : fetched hotel detail successfully 
2024-05-22T16:25:19.855Z [owner-service] info: getHotelDetailByOwnerId -> $OWNER_ID=[15] : fetched hotel detail successfully 
2024-05-22T16:25:38.821Z [owner-service] info: getHotelDetailByOwnerId -> $OWNER_ID=[15] : fetched hotel detail successfully 
2024-05-22T16:25:38.833Z [owner-service] info: getHotelDetailByOwnerId -> $OWNER_ID=[15] : fetched hotel detail successfully 
2024-05-22T16:25:41.223Z [owner-service] info: getHotelDetailByOwnerId -> $OWNER_ID=[15] : fetched hotel detail successfully 
2024-05-22T16:25:41.233Z [owner-service] info: getHotelDetailByOwnerId -> $OWNER_ID=[15] : fetched hotel detail successfully 
2024-05-22T16:25:47.370Z [owner-service] info: getHotelDetailByOwnerId -> $OWNER_ID=[15] : fetched hotel detail successfully 
2024-05-22T16:25:47.386Z [owner-service] info: getHotelDetailByOwnerId -> $OWNER_ID=[15] : fetched hotel detail successfully 
2024-05-22T16:25:53.556Z [owner-service] info: getHotelDetailByOwnerId -> $OWNER_ID=[15] : fetched hotel detail successfully 
2024-05-22T16:25:53.566Z [owner-service] info: getHotelDetailByOwnerId -> $OWNER_ID=[15] : fetched hotel detail successfully 
2024-05-22T16:26:22.021Z [owner-service] info: getHotelDetailByOwnerId -> $OWNER_ID=[15] : fetched hotel detail successfully 
2024-05-22T16:26:22.031Z [owner-service] info: getHotelDetailByOwnerId -> $OWNER_ID=[15] : fetched hotel detail successfully 
2024-05-22T16:26:39.577Z [owner-service] info: getHotelDetailByOwnerId -> $OWNER_ID=[15] : fetched hotel detail successfully 
2024-05-22T16:26:39.591Z [owner-service] info: getHotelDetailByOwnerId -> $OWNER_ID=[15] : fetched hotel detail successfully 
2024-05-22T16:26:43.120Z [owner-service] info: getHotelDetailByOwnerId -> $OWNER_ID=[15] : fetched hotel detail successfully 
2024-05-22T16:26:43.131Z [owner-service] info: getHotelDetailByOwnerId -> $OWNER_ID=[15] : fetched hotel detail successfully 
2024-05-22T16:26:50.552Z [owner-service] info: getHotelDetailByOwnerId -> $OWNER_ID=[15] : fetched hotel detail successfully 
2024-05-22T16:26:50.564Z [owner-service] info: getHotelDetailByOwnerId -> $OWNER_ID=[15] : fetched hotel detail successfully 
2024-05-22T16:35:39.849Z [owner-service] info: getHotelDetailByOwnerId -> $OWNER_ID=[15] : fetched hotel detail successfully 
2024-05-22T16:35:44.948Z [owner-service] info: getHotelDetailByOwnerId -> $OWNER_ID=[15] : fetched hotel detail successfully 
2024-05-22T16:35:44.967Z [owner-service] info: getHotelDetailByOwnerId -> $OWNER_ID=[15] : fetched hotel detail successfully 
2024-05-22T16:35:47.333Z [owner-service] info: getHotelDetailByOwnerId -> $OWNER_ID=[15] : fetched hotel detail successfully 
2024-05-22T16:35:47.346Z [owner-service] info: getHotelDetailByOwnerId -> $OWNER_ID=[15] : fetched hotel detail successfully 
2024-05-22T16:35:56.199Z [owner-service] info: getHotelDetailByOwnerId -> $OWNER_ID=[15] : fetched hotel detail successfully 
2024-05-22T16:35:56.211Z [owner-service] info: getHotelDetailByOwnerId -> $OWNER_ID=[15] : fetched hotel detail successfully 
2024-05-22T16:36:27.855Z [owner-service] info: getHotelDetailByOwnerId -> $OWNER_ID=[15] : fetched hotel detail successfully 
2024-05-22T16:36:31.394Z [owner-service] info: getHotelDetailByOwnerId -> $OWNER_ID=[15] : fetched hotel detail successfully 
2024-05-22T16:36:31.411Z [owner-service] info: getHotelDetailByOwnerId -> $OWNER_ID=[15] : fetched hotel detail successfully 
2024-05-22T16:36:32.986Z [owner-service] info: getHotelDetailByOwnerId -> $OWNER_ID=[15] : fetched hotel detail successfully 
2024-05-22T16:36:32.994Z [owner-service] info: getHotelDetailByOwnerId -> $OWNER_ID=[15] : fetched hotel detail successfully 
2024-05-22T16:36:36.611Z [owner-service] info: getHotelDetailByOwnerId -> $OWNER_ID=[15] : fetched hotel detail successfully 
2024-05-22T16:36:36.621Z [owner-service] info: getHotelDetailByOwnerId -> $OWNER_ID=[15] : fetched hotel detail successfully 
2024-05-22T16:37:39.275Z [owner-service] info: updateHotelDetail -> $OWNER_ID=[15] :  hotel+amenity updated
2024-05-22T16:37:43.832Z [owner-service] info: getHotelDetailByOwnerId -> $OWNER_ID=[15] : fetched hotel detail successfully 
2024-05-22T16:37:43.845Z [owner-service] info: getHotelDetailByOwnerId -> $OWNER_ID=[15] : fetched hotel detail successfully 
2024-05-22T16:38:33.574Z [owner-service] info: getHotelDetailByOwnerId -> $OWNER_ID=[15] : fetched hotel detail successfully 
2024-05-22T16:38:33.580Z [owner-service] info: getHotelDetailByOwnerId -> $OWNER_ID=[15] : fetched hotel detail successfully 
2024-05-22T16:40:26.667Z [owner-service] info: getHotelDetailByOwnerId -> $OWNER_ID=[15] : fetched hotel detail successfully 
2024-05-22T16:40:26.688Z [owner-service] info: getHotelDetailByOwnerId -> $OWNER_ID=[15] : fetched hotel detail successfully 
2024-05-22T16:45:19.869Z [owner-service] info: getHotelDetailByOwnerId -> $OWNER_ID=[15] : fetched hotel detail successfully 
2024-05-22T16:45:23.111Z [owner-service] info: getHotelDetailByOwnerId -> $OWNER_ID=[15] : fetched hotel detail successfully 
2024-05-22T16:45:23.128Z [owner-service] info: getHotelDetailByOwnerId -> $OWNER_ID=[15] : fetched hotel detail successfully 
2024-05-22T16:45:35.548Z [owner-service] info: getHotelDetailByOwnerId -> $OWNER_ID=[15] : fetched hotel detail successfully 
2024-05-22T16:45:35.567Z [owner-service] info: getHotelDetailByOwnerId -> $OWNER_ID=[15] : fetched hotel detail successfully 
2024-05-22T16:45:38.680Z [owner-service] info: getHotelDetailByOwnerId -> $OWNER_ID=[15] : fetched hotel detail successfully 
2024-05-22T16:45:38.696Z [owner-service] info: getHotelDetailByOwnerId -> $OWNER_ID=[15] : fetched hotel detail successfully 
2024-05-22T16:55:21.874Z [owner-service] info: getHotelDetailByOwnerId -> $OWNER_ID=[15] : fetched hotel detail successfully 
2024-05-22T16:55:37.564Z [owner-service] info: getHotelDetailByOwnerId -> $OWNER_ID=[15] : fetched hotel detail successfully 
2024-05-22T16:55:37.579Z [owner-service] info: getHotelDetailByOwnerId -> $OWNER_ID=[15] : fetched hotel detail successfully 
2024-05-22T16:55:51.756Z [owner-service] info: getHotelDetailByOwnerId -> $OWNER_ID=[15] : fetched hotel detail successfully 
2024-05-22T16:55:51.769Z [owner-service] info: getHotelDetailByOwnerId -> $OWNER_ID=[15] : fetched hotel detail successfully 
2024-05-22T17:00:29.935Z [owner-service] info: getHotelDetailByOwnerId -> $OWNER_ID=[15] : fetched hotel detail successfully 
2024-05-22T17:00:37.924Z [owner-service] info: getHotelDetailByOwnerId -> $OWNER_ID=[15] : fetched hotel detail successfully 
2024-05-22T17:00:37.942Z [owner-service] info: getHotelDetailByOwnerId -> $OWNER_ID=[15] : fetched hotel detail successfully 
2024-05-22T17:00:50.088Z [owner-service] info: getAllRoomDetailByHotelId -> $OWNER_ID=[15] : fetched all room by hotelownerid
2024-05-22T17:00:50.103Z [owner-service] info: getAllRoomDetailByHotelId -> $OWNER_ID=[15] : fetched all room by hotelownerid
2024-05-22T17:00:52.054Z [owner-service] info: getHotelDetailByOwnerId -> $OWNER_ID=[15] : fetched hotel detail successfully 
2024-05-22T17:00:52.071Z [owner-service] info: getHotelDetailByOwnerId -> $OWNER_ID=[15] : fetched hotel detail successfully 
2024-05-22T17:01:08.992Z [owner-service] info: getHotelDetailByOwnerId -> $OWNER_ID=[15] : fetched hotel detail successfully 
2024-05-22T17:01:09.012Z [owner-service] info: getHotelDetailByOwnerId -> $OWNER_ID=[15] : fetched hotel detail successfully 
2024-05-22T17:02:15.276Z [owner-service] info: getHotelDetailByOwnerId -> $OWNER_ID=[15] : fetched hotel detail successfully 
2024-05-22T17:02:15.290Z [owner-service] info: getHotelDetailByOwnerId -> $OWNER_ID=[15] : fetched hotel detail successfully 
2024-05-22T17:02:16.695Z [owner-service] info: getAllRoomDetailByHotelId -> $OWNER_ID=[15] : fetched all room by hotelownerid
2024-05-22T17:02:16.709Z [owner-service] info: getAllRoomDetailByHotelId -> $OWNER_ID=[15] : fetched all room by hotelownerid
2024-05-22T17:02:18.802Z [owner-service] info: getHotelDetailByOwnerId -> $OWNER_ID=[15] : fetched hotel detail successfully 
2024-05-22T17:02:18.816Z [owner-service] info: getHotelDetailByOwnerId -> $OWNER_ID=[15] : fetched hotel detail successfully 
2024-05-22T17:06:31.872Z [owner-service] info: getHotelDetailByOwnerId -> $OWNER_ID=[15] : fetched hotel detail successfully 
2024-05-22T17:08:04.887Z [owner-service] info: getHotelDetailByOwnerId -> $OWNER_ID=[15] : fetched hotel detail successfully 
2024-05-22T17:08:18.922Z [owner-service] info: getAllRoomDetailByHotelId -> $OWNER_ID=[15] : fetched all room by hotelownerid
2024-05-22T17:08:18.933Z [owner-service] info: getAllRoomDetailByHotelId -> $OWNER_ID=[15] : fetched all room by hotelownerid
2024-05-22T17:08:20.605Z [owner-service] info: getHotelDetailByOwnerId -> $OWNER_ID=[15] : fetched hotel detail successfully 
2024-05-22T17:08:20.623Z [owner-service] info: getHotelDetailByOwnerId -> $OWNER_ID=[15] : fetched hotel detail successfully 
2024-05-22T17:08:22.114Z [owner-service] info: getAllRoomDetailByHotelId -> $OWNER_ID=[15] : fetched all room by hotelownerid
2024-05-22T17:08:22.128Z [owner-service] info: getAllRoomDetailByHotelId -> $OWNER_ID=[15] : fetched all room by hotelownerid
2024-05-22T17:08:34.476Z [owner-service] info: getHotelDetailByOwnerId -> $OWNER_ID=[15] : fetched hotel detail successfully 
2024-05-22T17:08:34.491Z [owner-service] info: getHotelDetailByOwnerId -> $OWNER_ID=[15] : fetched hotel detail successfully 
2024-05-22T17:08:36.852Z [owner-service] info: getAllRoomDetailByHotelId -> $OWNER_ID=[15] : fetched all room by hotelownerid
2024-05-22T17:08:36.863Z [owner-service] info: getAllRoomDetailByHotelId -> $OWNER_ID=[15] : fetched all room by hotelownerid
2024-05-22T17:08:49.976Z [owner-service] info: getHotelDetailByOwnerId -> $OWNER_ID=[15] : fetched hotel detail successfully 
2024-05-22T17:08:49.991Z [owner-service] info: getHotelDetailByOwnerId -> $OWNER_ID=[15] : fetched hotel detail successfully 
2024-05-22T17:08:54.012Z [owner-service] info: getAllRoomDetailByHotelId -> $OWNER_ID=[15] : fetched all room by hotelownerid
2024-05-22T17:08:54.027Z [owner-service] info: getAllRoomDetailByHotelId -> $OWNER_ID=[15] : fetched all room by hotelownerid
2024-05-22T17:10:14.899Z [owner-service] info: getAllRoomDetailByHotelId -> $OWNER_ID=[15] : fetched all room by hotelownerid
2024-05-22T17:10:19.707Z [owner-service] info: getHotelDetailByOwnerId -> $OWNER_ID=[15] : fetched hotel detail successfully 
2024-05-22T17:10:19.725Z [owner-service] info: getHotelDetailByOwnerId -> $OWNER_ID=[15] : fetched hotel detail successfully 
2024-05-22T17:10:22.301Z [owner-service] info: getAllRoomDetailByHotelId -> $OWNER_ID=[15] : fetched all room by hotelownerid
2024-05-22T17:10:22.315Z [owner-service] info: getAllRoomDetailByHotelId -> $OWNER_ID=[15] : fetched all room by hotelownerid
2024-05-22T17:10:27.549Z [owner-service] info: deleteRoomDetailByRoomId -> $OWNER_ID=[15] :deleted given room successfully
2024-05-22T17:15:50.858Z [owner-service] info: getAllRoomDetailByHotelId -> $OWNER_ID=[15] : fetched all room by hotelownerid
2024-05-22T17:17:28.427Z [owner-service] info: getAllRoomDetailByHotelId -> $OWNER_ID=[15] : fetched all room by hotelownerid
2024-05-22T17:17:28.442Z [owner-service] info: getAllRoomDetailByHotelId -> $OWNER_ID=[15] : fetched all room by hotelownerid
2024-05-22T17:17:34.139Z [owner-service] info: getRoomDetailByRoomId -> $OWNER_ID=[15] : fetched roomdetail by roomid
2024-05-22T17:17:34.153Z [owner-service] info: getRoomDetailByRoomId -> $OWNER_ID=[15] : fetched roomdetail by roomid
2024-05-22T17:17:51.577Z [owner-service] info: getAllRoomDetailByHotelId -> $OWNER_ID=[15] : fetched all room by hotelownerid
2024-05-22T17:17:51.593Z [owner-service] info: getAllRoomDetailByHotelId -> $OWNER_ID=[15] : fetched all room by hotelownerid
2024-05-22T17:17:55.844Z [owner-service] info: getRoomDetailByRoomId -> $OWNER_ID=[15] : fetched roomdetail by roomid
2024-05-22T17:17:55.855Z [owner-service] info: getRoomDetailByRoomId -> $OWNER_ID=[15] : fetched roomdetail by roomid
2024-05-22T17:17:59.454Z [owner-service] info: updateRoomDetailByRoomId -> $OWNER_ID=[15] : updated  room by roomid
2024-05-22T17:18:53.506Z [owner-service] info: getAllRoomDetailByHotelId -> $OWNER_ID=[15] : fetched all room by hotelownerid
2024-05-22T17:18:53.528Z [owner-service] info: getAllRoomDetailByHotelId -> $OWNER_ID=[15] : fetched all room by hotelownerid
2024-05-22T17:19:03.655Z [owner-service] info: getRoomDetailByRoomId -> $OWNER_ID=[15] : fetched roomdetail by roomid
2024-05-22T17:19:03.670Z [owner-service] info: getRoomDetailByRoomId -> $OWNER_ID=[15] : fetched roomdetail by roomid
2024-05-22T17:19:25.185Z [owner-service] info: getRoomDetailByRoomId -> $OWNER_ID=[15] : fetched roomdetail by roomid
2024-05-22T17:19:25.198Z [owner-service] info: getRoomDetailByRoomId -> $OWNER_ID=[15] : fetched roomdetail by roomid
2024-05-22T17:19:39.122Z [owner-service] info: updateRoomDetailByRoomId -> $OWNER_ID=[15] : updated  room by roomid
2024-05-22T17:30:04.714Z [owner-service] info: getAllRoomDetailByHotelId -> $OWNER_ID=[15] : fetched all room by hotelownerid
2024-05-22T17:30:04.728Z [owner-service] info: getAllRoomDetailByHotelId -> $OWNER_ID=[15] : fetched all room by hotelownerid
2024-05-22T17:30:06.745Z [owner-service] info: getHotelDetailByOwnerId -> $OWNER_ID=[15] : fetched hotel detail successfully 
2024-05-22T17:30:06.760Z [owner-service] info: getHotelDetailByOwnerId -> $OWNER_ID=[15] : fetched hotel detail successfully 
2024-05-22T17:30:08.587Z [owner-service] info: getHotelDetailByOwnerId -> $OWNER_ID=[15] : fetched hotel detail successfully 
2024-05-22T17:30:08.602Z [owner-service] info: getHotelDetailByOwnerId -> $OWNER_ID=[15] : fetched hotel detail successfully 
2024-05-22T17:31:59.903Z [owner-service] info: getHotelDetailByOwnerId -> $OWNER_ID=[15] : fetched hotel detail successfully 
2024-05-22T17:32:29.865Z [owner-service] info: getHotelDetailByOwnerId -> $OWNER_ID=[15] : fetched hotel detail successfully 
2024-05-22T17:32:36.764Z [owner-service] info: getHotelDetailByOwnerId -> $OWNER_ID=[15] : fetched hotel detail successfully 
2024-05-22T17:32:36.779Z [owner-service] info: getHotelDetailByOwnerId -> $OWNER_ID=[15] : fetched hotel detail successfully 
2024-05-22T17:36:09.868Z [owner-service] info: getHotelDetailByOwnerId -> $OWNER_ID=[15] : fetched hotel detail successfully 
2024-05-22T17:38:27.247Z [owner-service] info: addRoomDetail -> $OWNER_ID=[15] : added roomdetail successfully
2024-05-23T01:24:00.219Z [owner-service] info: ownerLogin -> $OWNER_EMAIL=[srinivas@gmail.com] : Owner logged In Successfully
2024-05-23T01:24:09.661Z [owner-service] info: getHotelDetailByOwnerId -> $OWNER_ID=[15] : fetched hotel detail successfully 
2024-05-23T01:24:09.681Z [owner-service] info: getHotelDetailByOwnerId -> $OWNER_ID=[15] : fetched hotel detail successfully 
2024-05-23T01:27:40.732Z [owner-service] info: getHotelDetailByOwnerId -> $OWNER_ID=[15] : fetched hotel detail successfully 
2024-05-23T01:28:40.153Z [owner-service] info: getPastBooking -> $USER_ID=[15] : fetched past booking successfully
2024-05-23T01:28:40.206Z [owner-service] info: getPastBooking -> $USER_ID=[15] : fetched past booking successfully
2024-05-23T01:28:41.905Z [owner-service] info: getHotelDetailByOwnerId -> $OWNER_ID=[15] : fetched hotel detail successfully 
2024-05-23T01:28:41.933Z [owner-service] info: getHotelDetailByOwnerId -> $OWNER_ID=[15] : fetched hotel detail successfully 
2024-05-23T01:28:43.027Z [owner-service] info: getPastBooking -> $USER_ID=[15] : fetched past booking successfully
2024-05-23T01:28:43.080Z [owner-service] info: getPastBooking -> $USER_ID=[15] : fetched past booking successfully
2024-05-23T01:28:44.696Z [owner-service] info: getHotelDetailByOwnerId -> $OWNER_ID=[15] : fetched hotel detail successfully 
2024-05-23T01:28:44.721Z [owner-service] info: getHotelDetailByOwnerId -> $OWNER_ID=[15] : fetched hotel detail successfully 
2024-05-23T01:29:35.699Z [owner-service] info: getCurrentBooking -> $USER_ID=[15] : fetched current booking successfully
2024-05-23T01:29:35.714Z [owner-service] info: getCurrentBooking -> $USER_ID=[15] : fetched current booking successfully
2024-05-23T01:29:37.260Z [owner-service] info: getHotelDetailByOwnerId -> $OWNER_ID=[15] : fetched hotel detail successfully 
2024-05-23T01:29:37.280Z [owner-service] info: getHotelDetailByOwnerId -> $OWNER_ID=[15] : fetched hotel detail successfully 
2024-05-23T01:29:38.799Z [owner-service] info: getCurrentBooking -> $USER_ID=[15] : fetched current booking successfully
2024-05-23T01:29:38.820Z [owner-service] info: getCurrentBooking -> $USER_ID=[15] : fetched current booking successfully
2024-05-23T01:34:44.763Z [owner-service] info: getCurrentBooking -> $USER_ID=[15] : fetched current booking successfully
2024-05-23T01:35:26.735Z [owner-service] info: getCurrentBooking -> $USER_ID=[15] : fetched current booking successfully
2024-05-23T01:35:33.722Z [owner-service] info: getCurrentBooking -> $USER_ID=[15] : fetched current booking successfully
2024-05-23T01:35:41.427Z [owner-service] info: getHotelDetailByOwnerId -> $OWNER_ID=[15] : fetched hotel detail successfully 
2024-05-23T01:35:41.445Z [owner-service] info: getHotelDetailByOwnerId -> $OWNER_ID=[15] : fetched hotel detail successfully 
2024-05-23T01:35:42.836Z [owner-service] info: getCurrentBooking -> $USER_ID=[15] : fetched current booking successfully
2024-05-23T01:35:42.852Z [owner-service] info: getCurrentBooking -> $USER_ID=[15] : fetched current booking successfully
2024-05-23T01:35:44.154Z [owner-service] info: getHotelDetailByOwnerId -> $OWNER_ID=[15] : fetched hotel detail successfully 
2024-05-23T01:35:44.171Z [owner-service] info: getHotelDetailByOwnerId -> $OWNER_ID=[15] : fetched hotel detail successfully 
2024-05-23T01:35:45.207Z [owner-service] info: getCurrentBooking -> $USER_ID=[15] : fetched current booking successfully
2024-05-23T01:35:45.226Z [owner-service] info: getCurrentBooking -> $USER_ID=[15] : fetched current booking successfully
2024-05-23T01:35:46.277Z [owner-service] info: getHotelDetailByOwnerId -> $OWNER_ID=[15] : fetched hotel detail successfully 
2024-05-23T01:35:46.295Z [owner-service] info: getHotelDetailByOwnerId -> $OWNER_ID=[15] : fetched hotel detail successfully 
2024-05-23T01:35:47.521Z [owner-service] info: getCurrentBooking -> $USER_ID=[15] : fetched current booking successfully
2024-05-23T01:35:47.537Z [owner-service] info: getCurrentBooking -> $USER_ID=[15] : fetched current booking successfully
2024-05-23T01:35:48.718Z [owner-service] info: getHotelDetailByOwnerId -> $OWNER_ID=[15] : fetched hotel detail successfully 
2024-05-23T01:35:48.737Z [owner-service] info: getHotelDetailByOwnerId -> $OWNER_ID=[15] : fetched hotel detail successfully 
2024-05-23T01:35:50.232Z [owner-service] info: getCurrentBooking -> $USER_ID=[15] : fetched current booking successfully
2024-05-23T01:35:50.249Z [owner-service] info: getCurrentBooking -> $USER_ID=[15] : fetched current booking successfully
2024-05-23T01:35:51.476Z [owner-service] info: getHotelDetailByOwnerId -> $OWNER_ID=[15] : fetched hotel detail successfully 
2024-05-23T01:35:51.496Z [owner-service] info: getHotelDetailByOwnerId -> $OWNER_ID=[15] : fetched hotel detail successfully 
2024-05-23T01:35:53.533Z [owner-service] info: getCurrentBooking -> $USER_ID=[15] : fetched current booking successfully
2024-05-23T01:35:53.548Z [owner-service] info: getCurrentBooking -> $USER_ID=[15] : fetched current booking successfully
2024-05-23T01:35:54.656Z [owner-service] info: getHotelDetailByOwnerId -> $OWNER_ID=[15] : fetched hotel detail successfully 
2024-05-23T01:35:54.671Z [owner-service] info: getHotelDetailByOwnerId -> $OWNER_ID=[15] : fetched hotel detail successfully 
2024-05-23T01:35:56.395Z [owner-service] info: getCurrentBooking -> $USER_ID=[15] : fetched current booking successfully
2024-05-23T01:35:56.412Z [owner-service] info: getCurrentBooking -> $USER_ID=[15] : fetched current booking successfully
2024-05-23T01:36:04.069Z [owner-service] info: updateBookingStatus -> $OWNER_ID=[15] : updated booking status 
2024-05-23T01:36:07.274Z [owner-service] info: getHotelDetailByOwnerId -> $OWNER_ID=[15] : fetched hotel detail successfully 
2024-05-23T01:36:07.291Z [owner-service] info: getHotelDetailByOwnerId -> $OWNER_ID=[15] : fetched hotel detail successfully 
2024-05-23T01:36:08.934Z [owner-service] info: getCurrentBooking -> $USER_ID=[15] : fetched current booking successfully
2024-05-23T01:36:08.952Z [owner-service] info: getCurrentBooking -> $USER_ID=[15] : fetched current booking successfully
2024-05-23T01:36:11.086Z [owner-service] info: getHotelDetailByOwnerId -> $OWNER_ID=[15] : fetched hotel detail successfully 
2024-05-23T01:36:11.103Z [owner-service] info: getHotelDetailByOwnerId -> $OWNER_ID=[15] : fetched hotel detail successfully 
2024-05-23T01:46:10.715Z [owner-service] info: getHotelDetailByOwnerId -> $OWNER_ID=[15] : fetched hotel detail successfully 
